{"meta": {"format": 3, "version": "7.13.3", "timestamp": "2026-04-23T18:53:38.106993", "branch_coverage": false, "show_contexts": false}, "files": {"src/vfs/__init__.py": {"executed_lines": [1, 3, 4, 5, 6, 14, 16], "summary": {"covered_lines": 7, "num_statements": 7, "percent_covered": 100.0, "percent_covered_display": "100", "missing_lines": 0, "excluded_lines": 0, "percent_statements_covered": 100.0, "percent_statements_covered_display": "100"}, "missing_lines": [], "excluded_lines": [], "functions": {"": {"executed_lines": [1, 3, 4, 5, 6, 14, 16], "summary": {"covered_lines": 7, "num_statements": 7, "percent_covered": 100.0, "percent_covered_display": "100", "missing_lines": 0, "excluded_lines": 0, "percent_statements_covered": 100.0, "percent_statements_covered_display": "100"}, "missing_lines": [], "excluded_lines": [], "start_line": 1}}, "classes": {"": {"executed_lines": [1, 3, 4, 5, 6, 14, 16], "summary": {"covered_lines": 7, "num_statements": 7, "percent_covered": 100.0, "percent_covered_display": "100", "missing_lines": 0, "excluded_lines": 0, "percent_statements_covered": 100.0, "percent_statements_covered_display": "100"}, "missing_lines": [], "excluded_lines": [], "start_line": 1}}}, "src/vfs/backends/__init__.py": {"executed_lines": [3, 4, 5, 7], "summary": {"covered_lines": 4, "num_statements": 4, "percent_covered": 100.0, "percent_covered_display": "100", "missing_lines": 0, "excluded_lines": 0, "percent_statements_covered": 100.0, "percent_statements_covered_display": "100"}, "missing_lines": [], "excluded_lines": [], "functions": {"": {"executed_lines": [3, 4, 5, 7], "summary": {"covered_lines": 4, "num_statements": 4, "percent_covered": 100.0, "percent_covered_display": "100", "missing_lines": 0, "excluded_lines": 0, "percent_statements_covered": 100.0, "percent_statements_covered_display": "100"}, "missing_lines": [], "excluded_lines": [], "start_line": 1}}, "classes": {"": {"executed_lines": [3, 4, 5, 7], "summary": {"covered_lines": 4, "num_statements": 4, "percent_covered": 100.0, "percent_covered_display": "100", "missing_lines": 0, "excluded_lines": 0, "percent_statements_covered": 100.0, "percent_statements_covered_display": "100"}, "missing_lines": [], "excluded_lines": [], "start_line": 1}}}, "src/vfs/backends/database.py": {"executed_lines": [8, 10, 11, 12, 13, 14, 15, 17, 18, 20, 21, 22, 23, 24, 25, 35, 36, 37, 38, 39, 40, 54, 57, 58, 59, 60, 61, 64, 65, 66, 67, 68, 71, 73, 76, 82, 83, 84, 85, 86, 89, 103, 104, 105, 106, 107, 110, 117, 118, 120, 121, 123, 124, 125, 126, 128, 129, 130, 131, 132, 133, 135, 136, 137, 138, 139, 140, 141, 142, 143, 144, 147, 163, 164, 165, 167, 169, 170, 171, 172, 173, 174, 175, 176, 178, 179, 181, 191, 193, 196, 198, 201, 216, 221, 222, 223, 225, 238, 244, 245, 246, 251, 252, 253, 254, 256, 271, 272, 273, 274, 280, 282, 283, 284, 286, 288, 289, 290, 291, 293, 300, 301, 302, 303, 304, 305, 306, 308, 309, 311, 312, 313, 315, 317, 318, 319, 321, 323, 324, 325, 326, 327, 328, 329, 335, 352, 353, 354, 355, 356, 357, 358, 359, 360, 362, 370, 371, 373, 387, 401, 402, 404, 405, 406, 407, 409, 415, 416, 418, 425, 426, 427, 428, 429, 431, 432, 433, 434, 435, 436, 437, 438, 443, 444, 445, 446, 447, 448, 449, 450, 451, 452, 453, 454, 461, 466, 467, 468, 469, 470, 471, 479, 480, 485, 487, 493, 494, 495, 496, 497, 498, 499, 500, 501, 503, 504, 505, 507, 508, 510, 511, 512, 513, 514, 515, 518, 524, 525, 526, 527, 528, 529, 531, 532, 534, 535, 536, 537, 542, 543, 544, 546, 547, 548, 549, 551, 552, 554, 555, 556, 557, 558, 560, 561, 562, 563, 564, 566, 570, 572, 573, 574, 576, 583, 584, 585, 587, 595, 596, 597, 598, 600, 601, 607, 608, 610, 611, 612, 613, 614, 615, 616, 618, 620, 621, 626, 627, 629, 632, 825, 834, 835, 836, 840, 841, 842, 843, 844, 846, 866, 867, 868, 869, 870, 871, 872, 873, 874, 875, 877, 878, 882, 883, 884, 885, 886, 889, 890, 891, 892, 894, 895, 898, 903, 904, 906, 908, 915, 916, 917, 918, 919, 920, 921, 922, 923, 924, 925, 928, 934, 937, 938, 940, 941, 950, 951, 952, 953, 954, 955, 956, 958, 960, 974, 975, 976, 977, 980, 981, 982, 983, 984, 988, 989, 990, 991, 994, 995, 996, 997, 998, 1000, 1001, 1002, 1007, 1008, 1011, 1012, 1013, 1014, 1015, 1016, 1017, 1018, 1019, 1020, 1021, 1025, 1028, 1029, 1030, 1031, 1032, 1033, 1034, 1035, 1036, 1037, 1038, 1039, 1040, 1041, 1042, 1044, 1050, 1066, 1067, 1069, 1070, 1078, 1079, 1084, 1091, 1092, 1093, 1096, 1098, 1100, 1111, 1112, 1113, 1114, 1115, 1118, 1119, 1120, 1122, 1132, 1133, 1141, 1142, 1143, 1144, 1145, 1151, 1174, 1175, 1176, 1177, 1178, 1179, 1180, 1181, 1182, 1183, 1184, 1186, 1187, 1188, 1190, 1191, 1192, 1193, 1197, 1198, 1209, 1211, 1212, 1216, 1217, 1218, 1219, 1220, 1222, 1223, 1224, 1226, 1228, 1240, 1254, 1255, 1262, 1264, 1307, 1309, 1310, 1311, 1312, 1313, 1314, 1315, 1316, 1318, 1319, 1321, 1322, 1323, 1324, 1325, 1326, 1327, 1329, 1330, 1331, 1332, 1333, 1334, 1335, 1336, 1339, 1340, 1341, 1342, 1343, 1344, 1346, 1347, 1350, 1351, 1352, 1353, 1356, 1357, 1358, 1359, 1360, 1361, 1362, 1363, 1364, 1368, 1369, 1370, 1371, 1372, 1373, 1376, 1377, 1379, 1380, 1383, 1384, 1385, 1390, 1391, 1392, 1393, 1394, 1395, 1397, 1398, 1399, 1400, 1403, 1404, 1405, 1406, 1409, 1410, 1411, 1412, 1414, 1415, 1416, 1417, 1418, 1419, 1420, 1422, 1423, 1425, 1426, 1427, 1428, 1429, 1430, 1431, 1439, 1440, 1441, 1442, 1443, 1444, 1446, 1449, 1450, 1451, 1452, 1453, 1454, 1456, 1457, 1461, 1462, 1464, 1468, 1470, 1495, 1496, 1497, 1498, 1499, 1500, 1501, 1502, 1503, 1504, 1506, 1507, 1510, 1511, 1512, 1513, 1514, 1515, 1516, 1517, 1519, 1521, 1522, 1523, 1527, 1528, 1529, 1530, 1531, 1532, 1535, 1536, 1537, 1538, 1539, 1540, 1541, 1542, 1544, 1548, 1549, 1550, 1551, 1555, 1556, 1557, 1563, 1565, 1566, 1567, 1572, 1574, 1593, 1594, 1595, 1596, 1597, 1598, 1599, 1600, 1601, 1603, 1604, 1605, 1607, 1608, 1611, 1612, 1613, 1616, 1617, 1618, 1619, 1621, 1622, 1625, 1626, 1627, 1628, 1630, 1632, 1633, 1636, 1643, 1644, 1645, 1646, 1647, 1648, 1649, 1650, 1651, 1661, 1662, 1663, 1664, 1665, 1666, 1667, 1670, 1671, 1672, 1673, 1674, 1675, 1676, 1677, 1678, 1679, 1681, 1682, 1683, 1684, 1685, 1689, 1692, 1693, 1697, 1699, 1707, 1709, 1715, 1717, 1737, 1738, 1739, 1740, 1741, 1750, 1751, 1754, 1755, 1756, 1757, 1758, 1759, 1763, 1764, 1766, 1767, 1768, 1771, 1772, 1773, 1774, 1776, 1791, 1792, 1793, 1796, 1797, 1798, 1800, 1801, 1802, 1803, 1804, 1805, 1806, 1808, 1809, 1810, 1811, 1812, 1813, 1814, 1815, 1818, 1821, 1823, 1825, 1826, 1828, 1837, 1839, 1853, 1854, 1855, 1858, 1859, 1865, 1866, 1869, 1870, 1871, 1872, 1873, 1874, 1876, 1877, 1880, 1886, 1887, 1896, 1913, 1914, 1915, 1917, 1918, 1926, 1927, 1929, 1931, 1932, 1933, 1934, 1936, 1937, 1938, 1939, 1942, 1943, 1944, 1948, 1949, 1950, 1951, 1952, 1959, 1960, 1970, 1971, 1973, 1974, 1976, 1977, 1978, 1979, 1980, 1981, 1983, 1984, 1989, 1990, 1991, 1992, 1993, 1998, 2005, 2013, 2014, 2015, 2017, 2018, 2023, 2025, 2027, 2029, 2030, 2034, 2040, 2047, 2048, 2049, 2050, 2051, 2105, 2420, 2443, 2444, 2445, 2446, 2447, 2448, 2449, 2450, 2451, 2452, 2453, 2454, 2456, 2457, 2458, 2465, 2473, 2474, 2475, 2477, 2487, 2488, 2489, 2490, 2491, 2492, 2493, 2495, 2497, 2504, 2506, 2516, 2517, 2518, 2519, 2520, 2521, 2523, 2524, 2531, 2538, 2540, 2559, 2560, 2561, 2562, 2564, 2565, 2566, 2567, 2568, 2570, 2577, 2578, 2580, 2581, 2583, 2584, 2585, 2586, 2588, 2597, 2598, 2605, 2607, 2613, 2623, 2625, 2641, 2642, 2643, 2645, 2646, 2648, 2649, 2651, 2652, 2653, 2654, 2655, 2656, 2657, 2659, 2660, 2661, 2662, 2663, 2665, 2669, 2670, 2671, 2672, 2674, 2677, 2678, 2679, 2680, 2681, 2682, 2685, 2688, 2689, 2693, 2694, 2696, 2701, 2702, 2705, 2706, 2708, 2709, 2711, 2712, 2718, 2724, 2725, 2726, 2727, 2728, 2730, 2738, 2739, 2740, 2741, 2746, 2748, 2756, 2757, 2758, 2759, 2764, 2766, 2774, 2775, 2776, 2777, 2782, 2784, 2792, 2793, 2794, 2795, 2800, 2802, 2811, 2812, 2813, 2814, 2820, 2822, 2829, 2830, 2831, 2836, 2838, 2845, 2846, 2847, 2852, 2854, 2861, 2862, 2863, 2868, 2870, 2877, 2878, 2879, 2884, 2886, 2893, 2894, 2895, 2900, 2902, 2909, 2910, 2911, 2916, 2918, 2925, 2926, 2927, 2932, 2934, 2941, 2942, 2943, 2948, 2950, 2957, 2958, 2959, 2964], "summary": {"covered_lines": 1039, "num_statements": 1059, "percent_covered": 98.11142587346554, "percent_covered_display": "98", "missing_lines": 20, "excluded_lines": 555, "percent_statements_covered": 98.11142587346554, "percent_statements_covered_display": "98"}, "missing_lines": [516, 553, 559, 926, 1337, 1338, 1562, 1568, 1569, 1570, 1686, 1687, 1816, 1817, 1827, 1962, 1966, 1967, 2016, 2664], "excluded_lines": [42, 43, 45, 47, 48, 49, 50, 51, 634, 635, 636, 637, 638, 639, 640, 641, 642, 643, 644, 645, 646, 647, 648, 649, 650, 651, 652, 653, 654, 655, 656, 657, 658, 659, 660, 661, 662, 663, 664, 665, 666, 667, 668, 669, 670, 671, 672, 673, 674, 675, 676, 677, 678, 679, 680, 681, 682, 683, 684, 685, 686, 687, 688, 689, 690, 691, 692, 693, 694, 695, 696, 697, 698, 699, 700, 701, 702, 703, 704, 705, 706, 707, 708, 709, 710, 711, 712, 713, 714, 715, 716, 717, 718, 719, 720, 721, 722, 723, 724, 725, 726, 727, 728, 729, 730, 731, 732, 733, 734, 735, 736, 737, 738, 739, 740, 741, 742, 743, 744, 745, 746, 747, 748, 749, 750, 751, 752, 753, 754, 755, 756, 757, 758, 759, 760, 761, 762, 763, 764, 765, 767, 768, 769, 770, 771, 772, 773, 774, 775, 776, 777, 778, 779, 780, 781, 782, 783, 784, 785, 786, 787, 788, 789, 790, 791, 792, 793, 794, 795, 796, 797, 798, 799, 800, 801, 802, 803, 804, 805, 806, 807, 808, 809, 810, 811, 812, 813, 814, 815, 816, 817, 818, 819, 820, 821, 822, 823, 967, 1095, 2053, 2054, 2055, 2056, 2057, 2058, 2059, 2060, 2061, 2062, 2063, 2064, 2065, 2066, 2067, 2068, 2069, 2070, 2071, 2072, 2073, 2074, 2075, 2076, 2077, 2078, 2079, 2080, 2081, 2082, 2083, 2084, 2085, 2086, 2087, 2088, 2089, 2090, 2091, 2092, 2093, 2094, 2095, 2096, 2097, 2098, 2099, 2100, 2101, 2102, 2103, 2111, 2113, 2114, 2115, 2116, 2117, 2118, 2119, 2120, 2121, 2122, 2123, 2124, 2125, 2126, 2127, 2128, 2129, 2130, 2131, 2132, 2133, 2134, 2135, 2136, 2137, 2138, 2139, 2140, 2141, 2142, 2143, 2144, 2145, 2146, 2147, 2148, 2149, 2150, 2151, 2152, 2153, 2154, 2155, 2156, 2157, 2158, 2159, 2160, 2161, 2162, 2163, 2164, 2165, 2166, 2167, 2168, 2169, 2170, 2171, 2172, 2173, 2174, 2175, 2176, 2177, 2178, 2179, 2180, 2181, 2182, 2183, 2184, 2185, 2186, 2187, 2188, 2189, 2190, 2191, 2192, 2193, 2194, 2195, 2196, 2197, 2198, 2199, 2201, 2202, 2203, 2204, 2205, 2206, 2207, 2208, 2209, 2210, 2211, 2212, 2213, 2214, 2215, 2216, 2217, 2218, 2219, 2220, 2221, 2222, 2223, 2224, 2225, 2226, 2227, 2228, 2229, 2230, 2231, 2232, 2233, 2234, 2235, 2236, 2237, 2238, 2239, 2240, 2241, 2242, 2243, 2244, 2245, 2246, 2247, 2248, 2249, 2250, 2251, 2252, 2253, 2254, 2255, 2256, 2257, 2258, 2259, 2260, 2261, 2262, 2263, 2264, 2265, 2266, 2267, 2268, 2269, 2270, 2271, 2272, 2273, 2274, 2275, 2277, 2278, 2279, 2280, 2281, 2282, 2283, 2284, 2285, 2286, 2287, 2288, 2289, 2290, 2291, 2292, 2293, 2294, 2295, 2296, 2297, 2298, 2299, 2300, 2301, 2302, 2303, 2304, 2305, 2306, 2307, 2308, 2309, 2310, 2311, 2312, 2313, 2314, 2315, 2316, 2317, 2318, 2319, 2320, 2321, 2322, 2323, 2324, 2325, 2326, 2327, 2328, 2329, 2330, 2331, 2332, 2333, 2334, 2335, 2336, 2337, 2338, 2339, 2340, 2341, 2342, 2343, 2344, 2345, 2346, 2347, 2348, 2349, 2350, 2351, 2352, 2353, 2354, 2355, 2356, 2357, 2358, 2359, 2360, 2361, 2362, 2363, 2364, 2365, 2366, 2367, 2368, 2369, 2370, 2371, 2372, 2373, 2374, 2375, 2376, 2377, 2378, 2379, 2380, 2381, 2382, 2383, 2384, 2385, 2386, 2387, 2388, 2389, 2390, 2391, 2392, 2393, 2394, 2395, 2396, 2397, 2398, 2399, 2400, 2401, 2402, 2403, 2404, 2405, 2406, 2407, 2408, 2409, 2410, 2411, 2412, 2413, 2414, 2415, 2416, 2417, 2418], "functions": {"_escape_like": {"executed_lines": [73], "summary": {"covered_lines": 1, "num_statements": 1, "percent_covered": 100.0, "percent_covered_display": "100", "missing_lines": 0, "excluded_lines": 0, "percent_statements_covered": 100.0, "percent_statements_covered_display": "100"}, "missing_lines": [], "excluded_lines": [], "start_line": 71}, "_regex_flags_for_mode": {"executed_lines": [82, 83, 84, 85, 86], "summary": {"covered_lines": 5, "num_statements": 5, "percent_covered": 100.0, "percent_covered_display": "100", "missing_lines": 0, "excluded_lines": 0, "percent_statements_covered": 100.0, "percent_statements_covered_display": "100"}, "missing_lines": [], "excluded_lines": [], "start_line": 76}, "_compile_grep_regex": {"executed_lines": [103, 104, 105, 106, 107], "summary": {"covered_lines": 5, "num_statements": 5, "percent_covered": 100.0, "percent_covered_display": "100", "missing_lines": 0, "excluded_lines": 0, "percent_statements_covered": 100.0, "percent_statements_covered_display": "100"}, "missing_lines": [], "excluded_lines": [], "start_line": 89}, "_extract_literal_terms": {"executed_lines": [117, 118, 120, 121, 123, 124, 125, 126, 128, 129, 130, 131, 132, 133, 135, 136, 137, 138, 139, 140, 141, 142, 143, 144], "summary": {"covered_lines": 24, "num_statements": 24, "percent_covered": 100.0, "percent_covered_display": "100", "missing_lines": 0, "excluded_lines": 0, "percent_statements_covered": 100.0, "percent_statements_covered_display": "100"}, "missing_lines": [], "excluded_lines": [], "start_line": 110}, "_build_line_matches_with_context": {"executed_lines": [163, 164, 165, 167, 169, 170, 171, 172, 173, 174, 175, 176, 178, 179, 181], "summary": {"covered_lines": 15, "num_statements": 15, "percent_covered": 100.0, "percent_covered_display": "100", "missing_lines": 0, "excluded_lines": 0, "percent_statements_covered": 100.0, "percent_statements_covered_display": "100"}, "missing_lines": [], "excluded_lines": [], "start_line": 147}, "_unchecked_select": {"executed_lines": [193], "summary": {"covered_lines": 1, "num_statements": 1, "percent_covered": 100.0, "percent_covered_display": "100", "missing_lines": 0, "excluded_lines": 0, "percent_statements_covered": 100.0, "percent_statements_covered_display": "100"}, "missing_lines": [], "excluded_lines": [], "start_line": 191}, "_unchecked_clause": {"executed_lines": [198], "summary": {"covered_lines": 1, "num_statements": 1, "percent_covered": 100.0, "percent_covered_display": "100", "missing_lines": 0, "excluded_lines": 0, "percent_statements_covered": 100.0, "percent_statements_covered_display": "100"}, "missing_lines": [], "excluded_lines": [], "start_line": 196}, "DatabaseFileSystem.__init__": {"executed_lines": [238, 244, 245, 246, 251, 252, 253, 254], "summary": {"covered_lines": 8, "num_statements": 8, "percent_covered": 100.0, "percent_covered_display": "100", "missing_lines": 0, "excluded_lines": 0, "percent_statements_covered": 100.0, "percent_statements_covered_display": "100"}, "missing_lines": [], "excluded_lines": [], "start_line": 225}, "DatabaseFileSystem._row": {"executed_lines": [271, 272, 273, 274], "summary": {"covered_lines": 4, "num_statements": 4, "percent_covered": 100.0, "percent_covered_display": "100", "missing_lines": 0, "excluded_lines": 0, "percent_statements_covered": 100.0, "percent_statements_covered_display": "100"}, "missing_lines": [], "excluded_lines": [], "start_line": 256}, "DatabaseFileSystem._scope_path": {"executed_lines": [282, 283, 284], "summary": {"covered_lines": 3, "num_statements": 3, "percent_covered": 100.0, "percent_covered_display": "100", "missing_lines": 0, "excluded_lines": 0, "percent_statements_covered": 100.0, "percent_statements_covered_display": "100"}, "missing_lines": [], "excluded_lines": [], "start_line": 280}, "DatabaseFileSystem._scope_candidates": {"executed_lines": [288, 289, 290, 291], "summary": {"covered_lines": 4, "num_statements": 4, "percent_covered": 100.0, "percent_covered_display": "100", "missing_lines": 0, "excluded_lines": 0, "percent_statements_covered": 100.0, "percent_statements_covered_display": "100"}, "missing_lines": [], "excluded_lines": [], "start_line": 286}, "DatabaseFileSystem._scope_entries": {"executed_lines": [300, 301, 302, 303, 304, 305, 306, 308, 309, 311, 312, 313], "summary": {"covered_lines": 12, "num_statements": 12, "percent_covered": 100.0, "percent_covered_display": "100", "missing_lines": 0, "excluded_lines": 0, "percent_statements_covered": 100.0, "percent_statements_covered_display": "100"}, "missing_lines": [], "excluded_lines": [], "start_line": 293}, "DatabaseFileSystem._unscope_result": {"executed_lines": [317, 318, 319], "summary": {"covered_lines": 3, "num_statements": 3, "percent_covered": 100.0, "percent_covered_display": "100", "missing_lines": 0, "excluded_lines": 0, "percent_statements_covered": 100.0, "percent_statements_covered_display": "100"}, "missing_lines": [], "excluded_lines": [], "start_line": 315}, "DatabaseFileSystem._require_user_id": {"executed_lines": [323, 324, 325, 326, 327, 328, 329], "summary": {"covered_lines": 7, "num_statements": 7, "percent_covered": 100.0, "percent_covered_display": "100", "missing_lines": 0, "excluded_lines": 0, "percent_statements_covered": 100.0, "percent_statements_covered_display": "100"}, "missing_lines": [], "excluded_lines": [], "start_line": 321}, "DatabaseFileSystem._resolve_columns": {"executed_lines": [352, 353, 354, 355, 356, 357, 358, 359, 360], "summary": {"covered_lines": 9, "num_statements": 9, "percent_covered": 100.0, "percent_covered_display": "100", "missing_lines": 0, "excluded_lines": 0, "percent_statements_covered": 100.0, "percent_statements_covered_display": "100"}, "missing_lines": [], "excluded_lines": [], "start_line": 335}, "DatabaseFileSystem._select_columns": {"executed_lines": [370, 371], "summary": {"covered_lines": 2, "num_statements": 2, "percent_covered": 100.0, "percent_covered_display": "100", "missing_lines": 0, "excluded_lines": 0, "percent_statements_covered": 100.0, "percent_statements_covered_display": "100"}, "missing_lines": [], "excluded_lines": [], "start_line": 362}, "DatabaseFileSystem._row_to_candidate": {"executed_lines": [387], "summary": {"covered_lines": 1, "num_statements": 1, "percent_covered": 100.0, "percent_covered_display": "100", "missing_lines": 0, "excluded_lines": 0, "percent_statements_covered": 100.0, "percent_statements_covered_display": "100"}, "missing_lines": [], "excluded_lines": [], "start_line": 373}, "DatabaseFileSystem._field_was_explicitly_provided": {"executed_lines": [404, 405, 406, 407], "summary": {"covered_lines": 4, "num_statements": 4, "percent_covered": 100.0, "percent_covered_display": "100", "missing_lines": 0, "excluded_lines": 0, "percent_statements_covered": 100.0, "percent_statements_covered_display": "100"}, "missing_lines": [], "excluded_lines": [], "start_line": 402}, "DatabaseFileSystem._apply_explicit_embedding_update": {"executed_lines": [415, 416], "summary": {"covered_lines": 2, "num_statements": 2, "percent_covered": 100.0, "percent_covered_display": "100", "missing_lines": 0, "excluded_lines": 0, "percent_statements_covered": 100.0, "percent_statements_covered_display": "100"}, "missing_lines": [], "excluded_lines": [], "start_line": 409}, "DatabaseFileSystem._get_object": {"executed_lines": [425, 426, 427, 428, 429], "summary": {"covered_lines": 5, "num_statements": 5, "percent_covered": 100.0, "percent_covered_display": "100", "missing_lines": 0, "excluded_lines": 0, "percent_statements_covered": 100.0, "percent_statements_covered_display": "100"}, "missing_lines": [], "excluded_lines": [], "start_line": 418}, "DatabaseFileSystem._parse_inverse_edge_path": {"executed_lines": [433, 434, 435, 436, 437, 438, 443, 444, 445, 446, 447, 448, 449, 450, 451, 452, 453, 454], "summary": {"covered_lines": 18, "num_statements": 18, "percent_covered": 100.0, "percent_covered_display": "100", "missing_lines": 0, "excluded_lines": 0, "percent_statements_covered": 100.0, "percent_statements_covered_display": "100"}, "missing_lines": [], "excluded_lines": [], "start_line": 432}, "DatabaseFileSystem._incoming_edge_rows": {"executed_lines": [466, 467, 468, 469, 470, 471, 479, 480, 485], "summary": {"covered_lines": 9, "num_statements": 9, "percent_covered": 100.0, "percent_covered_display": "100", "missing_lines": 0, "excluded_lines": 0, "percent_statements_covered": 100.0, "percent_statements_covered_display": "100"}, "missing_lines": [], "excluded_lines": [], "start_line": 461}, "DatabaseFileSystem._inverse_entry": {"executed_lines": [493, 494, 495, 496, 497, 498, 499, 500, 501, 503, 504, 505, 507, 508, 510, 511, 512, 513, 514, 515], "summary": {"covered_lines": 20, "num_statements": 21, "percent_covered": 95.23809523809524, "percent_covered_display": "95", "missing_lines": 1, "excluded_lines": 0, "percent_statements_covered": 95.23809523809524, "percent_statements_covered_display": "95"}, "missing_lines": [516], "excluded_lines": [], "start_line": 487}, "DatabaseFileSystem._inverse_children": {"executed_lines": [524, 525, 526, 527, 528, 529, 531, 532, 534, 535, 536, 537, 542, 543, 544, 546, 547, 548, 549, 551, 552, 554, 555, 556, 557, 558, 560, 561, 562, 563, 564, 566], "summary": {"covered_lines": 32, "num_statements": 34, "percent_covered": 94.11764705882354, "percent_covered_display": "94", "missing_lines": 2, "excluded_lines": 0, "percent_statements_covered": 94.11764705882354, "percent_statements_covered_display": "94"}, "missing_lines": [553, 559], "excluded_lines": [], "start_line": 518}, "DatabaseFileSystem._parameter_budget": {"executed_lines": [572, 573, 574], "summary": {"covered_lines": 3, "num_statements": 3, "percent_covered": 100.0, "percent_covered_display": "100", "missing_lines": 0, "excluded_lines": 0, "percent_statements_covered": 100.0, "percent_statements_covered_display": "100"}, "missing_lines": [], "excluded_lines": [], "start_line": 570}, "DatabaseFileSystem._query_chunk_size": {"executed_lines": [583, 584, 585], "summary": {"covered_lines": 3, "num_statements": 3, "percent_covered": 100.0, "percent_covered_display": "100", "missing_lines": 0, "excluded_lines": 0, "percent_statements_covered": 100.0, "percent_statements_covered_display": "100"}, "missing_lines": [], "excluded_lines": [], "start_line": 576}, "DatabaseFileSystem._chunk_paths": {"executed_lines": [595, 596, 597, 598], "summary": {"covered_lines": 4, "num_statements": 4, "percent_covered": 100.0, "percent_covered_display": "100", "missing_lines": 0, "excluded_lines": 0, "percent_statements_covered": 100.0, "percent_statements_covered_display": "100"}, "missing_lines": [], "excluded_lines": [], "start_line": 587}, "DatabaseFileSystem._tokenize_doc": {"executed_lines": [607, 608, 610, 611, 612, 613, 614, 615, 616, 618], "summary": {"covered_lines": 10, "num_statements": 10, "percent_covered": 100.0, "percent_covered_display": "100", "missing_lines": 0, "excluded_lines": 0, "percent_statements_covered": 100.0, "percent_statements_covered_display": "100"}, "missing_lines": [], "excluded_lines": [], "start_line": 601}, "DatabaseFileSystem._estimate_average_idf": {"executed_lines": [626, 627, 629, 632], "summary": {"covered_lines": 4, "num_statements": 4, "percent_covered": 100.0, "percent_covered_display": "100", "missing_lines": 0, "excluded_lines": 0, "percent_statements_covered": 100.0, "percent_statements_covered_display": "100"}, "missing_lines": [], "excluded_lines": [], "start_line": 621}, "DatabaseFileSystem._fetch_lexical_docs": {"executed_lines": [], "summary": {"covered_lines": 0, "num_statements": 0, "percent_covered": 100.0, "percent_covered_display": "100", "missing_lines": 0, "excluded_lines": 102, "percent_statements_covered": 100.0, "percent_statements_covered_display": "100"}, "missing_lines": [], "excluded_lines": [643, 644, 645, 646, 647, 648, 649, 650, 651, 652, 653, 654, 676, 677, 678, 679, 680, 681, 682, 683, 684, 685, 686, 687, 688, 689, 690, 691, 692, 693, 694, 695, 696, 697, 698, 699, 700, 701, 702, 703, 704, 705, 706, 707, 708, 709, 710, 711, 712, 713, 714, 715, 716, 717, 718, 719, 720, 721, 722, 723, 724, 725, 726, 727, 728, 729, 730, 731, 732, 733, 734, 735, 736, 737, 738, 739, 740, 741, 742, 743, 744, 745, 746, 747, 748, 749, 750, 751, 752, 753, 754, 755, 756, 757, 758, 759, 760, 761, 762, 763, 764, 765], "start_line": 634}, "DatabaseFileSystem._fetch_lexical_docs.append_doc": {"executed_lines": [], "summary": {"covered_lines": 0, "num_statements": 0, "percent_covered": 100.0, "percent_covered_display": "100", "missing_lines": 0, "excluded_lines": 21, "percent_statements_covered": 100.0, "percent_statements_covered_display": "100"}, "missing_lines": [], "excluded_lines": [655, 656, 657, 658, 659, 660, 661, 662, 663, 664, 665, 666, 667, 668, 669, 670, 671, 672, 673, 674, 675], "start_line": 649}, "DatabaseFileSystem._fetch_corpus_stats": {"executed_lines": [], "summary": {"covered_lines": 0, "num_statements": 0, "percent_covered": 100.0, "percent_covered_display": "100", "missing_lines": 0, "excluded_lines": 47, "percent_statements_covered": 100.0, "percent_statements_covered_display": "100"}, "missing_lines": [], "excluded_lines": [777, 778, 779, 780, 781, 782, 783, 784, 785, 786, 787, 788, 789, 790, 791, 792, 793, 794, 795, 796, 797, 798, 799, 800, 801, 802, 803, 804, 805, 806, 807, 808, 809, 810, 811, 812, 813, 814, 815, 816, 817, 818, 819, 820, 821, 822, 823], "start_line": 767}, "DatabaseFileSystem._resolve_required_parents": {"executed_lines": [834, 835, 836, 840, 841, 842, 843, 844], "summary": {"covered_lines": 8, "num_statements": 8, "percent_covered": 100.0, "percent_covered_display": "100", "missing_lines": 0, "excluded_lines": 0, "percent_statements_covered": 100.0, "percent_statements_covered_display": "100"}, "missing_lines": [], "excluded_lines": [], "start_line": 825}, "DatabaseFileSystem._resolve_parent_dirs": {"executed_lines": [866, 867, 868, 869, 870, 871, 872, 873, 874, 875, 877, 878, 882, 883, 884, 885, 886, 889, 890, 891, 892, 894, 895, 898, 903, 904, 906], "summary": {"covered_lines": 27, "num_statements": 27, "percent_covered": 100.0, "percent_covered_display": "100", "missing_lines": 0, "excluded_lines": 0, "percent_statements_covered": 100.0, "percent_statements_covered_display": "100"}, "missing_lines": [], "excluded_lines": [], "start_line": 846}, "DatabaseFileSystem._ensure_metadata_root": {"executed_lines": [915, 916, 917, 918, 919, 920, 921, 922, 923, 924, 925], "summary": {"covered_lines": 11, "num_statements": 12, "percent_covered": 91.66666666666667, "percent_covered_display": "92", "missing_lines": 1, "excluded_lines": 0, "percent_statements_covered": 91.66666666666667, "percent_statements_covered_display": "92"}, "missing_lines": [926], "excluded_lines": [], "start_line": 908}, "DatabaseFileSystem._validate_chunk_parents": {"executed_lines": [934, 937, 938, 940, 941, 950, 951, 952, 953, 954, 955, 956, 958], "summary": {"covered_lines": 13, "num_statements": 13, "percent_covered": 100.0, "percent_covered_display": "100", "missing_lines": 0, "excluded_lines": 0, "percent_statements_covered": 100.0, "percent_statements_covered_display": "100"}, "missing_lines": [], "excluded_lines": [], "start_line": 928}, "DatabaseFileSystem._fetch_children_batched": {"executed_lines": [974, 975, 976, 977, 980, 981, 982, 983, 984, 988, 989, 990, 991, 994, 995, 996, 997, 998, 1000, 1001, 1002, 1007, 1008, 1011, 1012, 1013, 1014, 1015, 1016, 1017, 1018, 1019, 1020, 1021, 1025, 1028, 1029, 1030, 1031, 1032, 1033, 1034, 1035, 1036, 1037, 1038, 1039, 1040, 1041, 1042, 1044], "summary": {"covered_lines": 51, "num_statements": 51, "percent_covered": 100.0, "percent_covered_display": "100", "missing_lines": 0, "excluded_lines": 1, "percent_statements_covered": 100.0, "percent_statements_covered_display": "100"}, "missing_lines": [], "excluded_lines": [967], "start_line": 960}, "DatabaseFileSystem._update_existing": {"executed_lines": [1066, 1067, 1069, 1070, 1078, 1079, 1084, 1091, 1092, 1093, 1096, 1098], "summary": {"covered_lines": 12, "num_statements": 12, "percent_covered": 100.0, "percent_covered_display": "100", "missing_lines": 0, "excluded_lines": 1, "percent_statements_covered": 100.0, "percent_statements_covered_display": "100"}, "missing_lines": [], "excluded_lines": [1095], "start_line": 1050}, "DatabaseFileSystem._fetch_version_chain": {"executed_lines": [1111, 1112, 1113, 1114, 1115, 1118, 1119, 1120], "summary": {"covered_lines": 8, "num_statements": 8, "percent_covered": 100.0, "percent_covered_display": "100", "missing_lines": 0, "excluded_lines": 0, "percent_statements_covered": 100.0, "percent_statements_covered_display": "100"}, "missing_lines": [], "excluded_lines": [], "start_line": 1100}, "DatabaseFileSystem._insert_new": {"executed_lines": [1132, 1133, 1141, 1142, 1143, 1144, 1145], "summary": {"covered_lines": 7, "num_statements": 7, "percent_covered": 100.0, "percent_covered_display": "100", "missing_lines": 0, "excluded_lines": 0, "percent_statements_covered": 100.0, "percent_statements_covered_display": "100"}, "missing_lines": [], "excluded_lines": [], "start_line": 1122}, "DatabaseFileSystem._read_impl": {"executed_lines": [1174, 1175, 1176, 1177, 1178, 1179, 1180, 1181, 1182, 1183, 1184, 1186, 1187, 1188, 1190, 1191, 1192, 1193, 1197, 1198, 1209, 1211, 1212, 1216, 1217, 1218, 1219, 1220, 1222, 1223, 1224, 1226, 1228], "summary": {"covered_lines": 33, "num_statements": 33, "percent_covered": 100.0, "percent_covered_display": "100", "missing_lines": 0, "excluded_lines": 0, "percent_statements_covered": 100.0, "percent_statements_covered_display": "100"}, "missing_lines": [], "excluded_lines": [], "start_line": 1151}, "DatabaseFileSystem._stat_impl": {"executed_lines": [1254, 1255, 1262], "summary": {"covered_lines": 3, "num_statements": 3, "percent_covered": 100.0, "percent_covered_display": "100", "missing_lines": 0, "excluded_lines": 0, "percent_statements_covered": 100.0, "percent_statements_covered_display": "100"}, "missing_lines": [], "excluded_lines": [], "start_line": 1240}, "DatabaseFileSystem._write_impl": {"executed_lines": [1307, 1309, 1310, 1311, 1312, 1313, 1314, 1315, 1316, 1318, 1319, 1321, 1322, 1323, 1324, 1325, 1326, 1327, 1329, 1330, 1331, 1332, 1333, 1334, 1335, 1336, 1339, 1340, 1341, 1342, 1343, 1344, 1346, 1347, 1350, 1351, 1352, 1353, 1356, 1357, 1358, 1359, 1360, 1361, 1362, 1363, 1364, 1368, 1369, 1370, 1371, 1372, 1373, 1376, 1377, 1379, 1380, 1383, 1384, 1385, 1390, 1391, 1392, 1393, 1394, 1395, 1397, 1398, 1399, 1400, 1403, 1404, 1405, 1406, 1409, 1410, 1411, 1412, 1414, 1415, 1416, 1417, 1418, 1419, 1420, 1422, 1423, 1425, 1426, 1427, 1428, 1429, 1430, 1431, 1439, 1440, 1441, 1442, 1443, 1444, 1446, 1449, 1450, 1451, 1452, 1453, 1454, 1456, 1457, 1461, 1462, 1464, 1468], "summary": {"covered_lines": 113, "num_statements": 115, "percent_covered": 98.26086956521739, "percent_covered_display": "98", "missing_lines": 2, "excluded_lines": 0, "percent_statements_covered": 98.26086956521739, "percent_statements_covered_display": "98"}, "missing_lines": [1337, 1338], "excluded_lines": [], "start_line": 1264}, "DatabaseFileSystem._ls_impl": {"executed_lines": [1495, 1496, 1497, 1498, 1499, 1500, 1501, 1502, 1503, 1504, 1506, 1507, 1510, 1511, 1512, 1513, 1514, 1515, 1516, 1517, 1519, 1521, 1522, 1523, 1527, 1528, 1529, 1530, 1531, 1532, 1535, 1536, 1537, 1538, 1539, 1540, 1541, 1542, 1544, 1548, 1549, 1550, 1551, 1555, 1556, 1557, 1563, 1565, 1566, 1567, 1572], "summary": {"covered_lines": 51, "num_statements": 55, "percent_covered": 92.72727272727273, "percent_covered_display": "93", "missing_lines": 4, "excluded_lines": 0, "percent_statements_covered": 92.72727272727273, "percent_statements_covered_display": "93"}, "missing_lines": [1562, 1568, 1569, 1570], "excluded_lines": [], "start_line": 1470}, "DatabaseFileSystem._delete_impl": {"executed_lines": [1593, 1594, 1595, 1596, 1597, 1598, 1599, 1600, 1601, 1603, 1604, 1605, 1607, 1608, 1611, 1612, 1613, 1616, 1617, 1618, 1619, 1621, 1622, 1625, 1626, 1627, 1628, 1630, 1632, 1633, 1636, 1643, 1644, 1645, 1646, 1647, 1648, 1649, 1650, 1651, 1661, 1662, 1663, 1664, 1665, 1666, 1667, 1670, 1671, 1672, 1673, 1674, 1675, 1676, 1677, 1678, 1679, 1681, 1682, 1683, 1684, 1685, 1689, 1692, 1693, 1697], "summary": {"covered_lines": 66, "num_statements": 68, "percent_covered": 97.05882352941177, "percent_covered_display": "97", "missing_lines": 2, "excluded_lines": 0, "percent_statements_covered": 97.05882352941177, "percent_statements_covered_display": "97"}, "missing_lines": [1686, 1687], "excluded_lines": [], "start_line": 1574}, "DatabaseFileSystem._mkdir_impl": {"executed_lines": [1707, 1709, 1715], "summary": {"covered_lines": 3, "num_statements": 3, "percent_covered": 100.0, "percent_covered_display": "100", "missing_lines": 0, "excluded_lines": 0, "percent_statements_covered": 100.0, "percent_statements_covered_display": "100"}, "missing_lines": [], "excluded_lines": [], "start_line": 1699}, "DatabaseFileSystem._mkedge_impl": {"executed_lines": [1737, 1738, 1739, 1740, 1741, 1750, 1751, 1754, 1755, 1756, 1757, 1758, 1759, 1763, 1764, 1766, 1767, 1768, 1771, 1772, 1773, 1774], "summary": {"covered_lines": 22, "num_statements": 22, "percent_covered": 100.0, "percent_covered_display": "100", "missing_lines": 0, "excluded_lines": 0, "percent_statements_covered": 100.0, "percent_statements_covered_display": "100"}, "missing_lines": [], "excluded_lines": [], "start_line": 1717}, "DatabaseFileSystem._edit_impl": {"executed_lines": [1791, 1792, 1793, 1796, 1797, 1798, 1800, 1801, 1802, 1803, 1804, 1805, 1806, 1808, 1809, 1810, 1811, 1812, 1813, 1814, 1815, 1818, 1821, 1823, 1825, 1826, 1828, 1837], "summary": {"covered_lines": 28, "num_statements": 31, "percent_covered": 90.3225806451613, "percent_covered_display": "90", "missing_lines": 3, "excluded_lines": 0, "percent_statements_covered": 90.3225806451613, "percent_statements_covered_display": "90"}, "missing_lines": [1816, 1817, 1827], "excluded_lines": [], "start_line": 1776}, "DatabaseFileSystem._copy_impl": {"executed_lines": [1853, 1854, 1855, 1858, 1859, 1865, 1866, 1869, 1870, 1871, 1872, 1873, 1874, 1876, 1877, 1880, 1886, 1887], "summary": {"covered_lines": 18, "num_statements": 18, "percent_covered": 100.0, "percent_covered_display": "100", "missing_lines": 0, "excluded_lines": 0, "percent_statements_covered": 100.0, "percent_statements_covered_display": "100"}, "missing_lines": [], "excluded_lines": [], "start_line": 1839}, "DatabaseFileSystem._move_impl": {"executed_lines": [1913, 1914, 1915, 1917, 1918, 1926, 1927, 1929, 1931, 1932, 1933, 1934, 1936, 1937, 1938, 1939, 1942, 1943, 1944, 1948, 1949, 1950, 1951, 1952, 1959, 1960, 1970, 1971, 1973, 1974, 1976, 1977, 1978, 1979, 1980, 1981, 1983, 1984, 1989, 1990, 1991, 1992, 1993, 1998, 2005, 2013, 2014, 2015, 2017, 2018, 2023, 2025, 2027, 2029, 2030, 2034], "summary": {"covered_lines": 56, "num_statements": 60, "percent_covered": 93.33333333333333, "percent_covered_display": "93", "missing_lines": 4, "excluded_lines": 0, "percent_statements_covered": 93.33333333333333, "percent_statements_covered_display": "93"}, "missing_lines": [1962, 1966, 1967, 2016], "excluded_lines": [], "start_line": 1896}, "DatabaseFileSystem._scope_filter_prefix": {"executed_lines": [2047, 2048, 2049, 2050, 2051], "summary": {"covered_lines": 5, "num_statements": 5, "percent_covered": 100.0, "percent_covered_display": "100", "missing_lines": 0, "excluded_lines": 0, "percent_statements_covered": 100.0, "percent_statements_covered_display": "100"}, "missing_lines": [], "excluded_lines": [], "start_line": 2040}, "DatabaseFileSystem._apply_structural_filters": {"executed_lines": [], "summary": {"covered_lines": 0, "num_statements": 0, "percent_covered": 100.0, "percent_covered_display": "100", "missing_lines": 0, "excluded_lines": 40, "percent_statements_covered": 100.0, "percent_statements_covered_display": "100"}, "missing_lines": [], "excluded_lines": [2064, 2065, 2066, 2067, 2068, 2069, 2070, 2071, 2072, 2073, 2074, 2075, 2076, 2077, 2078, 2079, 2080, 2081, 2082, 2083, 2084, 2085, 2086, 2087, 2088, 2089, 2090, 2091, 2092, 2093, 2094, 2095, 2096, 2097, 2098, 2099, 2100, 2101, 2102, 2103], "start_line": 2053}, "DatabaseFileSystem._structural_regex_clause": {"executed_lines": [], "summary": {"covered_lines": 0, "num_statements": 0, "percent_covered": 100.0, "percent_covered_display": "100", "missing_lines": 0, "excluded_lines": 1, "percent_statements_covered": 100.0, "percent_statements_covered_display": "100"}, "missing_lines": [], "excluded_lines": [2111], "start_line": 2105}, "DatabaseFileSystem._build_structural_sql": {"executed_lines": [], "summary": {"covered_lines": 0, "num_statements": 0, "percent_covered": 100.0, "percent_covered_display": "100", "missing_lines": 0, "excluded_lines": 76, "percent_statements_covered": 100.0, "percent_statements_covered_display": "100"}, "missing_lines": [], "excluded_lines": [2124, 2125, 2126, 2127, 2128, 2129, 2130, 2131, 2132, 2133, 2134, 2135, 2136, 2137, 2138, 2139, 2140, 2141, 2142, 2143, 2144, 2145, 2146, 2147, 2148, 2149, 2150, 2151, 2152, 2153, 2154, 2155, 2156, 2157, 2158, 2159, 2160, 2161, 2162, 2163, 2164, 2165, 2166, 2167, 2168, 2169, 2170, 2171, 2172, 2173, 2174, 2175, 2176, 2177, 2178, 2179, 2180, 2181, 2182, 2183, 2184, 2185, 2186, 2187, 2188, 2189, 2190, 2191, 2192, 2193, 2194, 2195, 2196, 2197, 2198, 2199], "start_line": 2113}, "DatabaseFileSystem._glob_impl": {"executed_lines": [], "summary": {"covered_lines": 0, "num_statements": 0, "percent_covered": 100.0, "percent_covered_display": "100", "missing_lines": 0, "excluded_lines": 63, "percent_statements_covered": 100.0, "percent_statements_covered_display": "100"}, "missing_lines": [], "excluded_lines": [2213, 2214, 2215, 2216, 2217, 2218, 2219, 2220, 2221, 2222, 2223, 2224, 2225, 2226, 2227, 2228, 2229, 2230, 2231, 2232, 2233, 2234, 2235, 2236, 2237, 2238, 2239, 2240, 2241, 2242, 2243, 2244, 2245, 2246, 2247, 2248, 2249, 2250, 2251, 2252, 2253, 2254, 2255, 2256, 2257, 2258, 2259, 2260, 2261, 2262, 2263, 2264, 2265, 2266, 2267, 2268, 2269, 2270, 2271, 2272, 2273, 2274, 2275], "start_line": 2201}, "DatabaseFileSystem._grep_impl": {"executed_lines": [], "summary": {"covered_lines": 0, "num_statements": 0, "percent_covered": 100.0, "percent_covered_display": "100", "missing_lines": 0, "excluded_lines": 120, "percent_statements_covered": 100.0, "percent_statements_covered_display": "100"}, "missing_lines": [], "excluded_lines": [2299, 2300, 2301, 2302, 2303, 2304, 2305, 2306, 2307, 2308, 2309, 2310, 2311, 2312, 2313, 2314, 2315, 2316, 2317, 2318, 2319, 2320, 2321, 2322, 2323, 2324, 2325, 2326, 2327, 2328, 2329, 2330, 2331, 2332, 2333, 2334, 2335, 2336, 2337, 2338, 2339, 2340, 2341, 2342, 2343, 2344, 2345, 2346, 2347, 2348, 2349, 2350, 2351, 2352, 2353, 2354, 2355, 2356, 2357, 2358, 2359, 2360, 2361, 2362, 2363, 2364, 2365, 2366, 2367, 2368, 2369, 2370, 2371, 2372, 2373, 2374, 2375, 2376, 2377, 2378, 2379, 2380, 2381, 2382, 2383, 2384, 2385, 2386, 2387, 2388, 2389, 2390, 2391, 2392, 2393, 2394, 2395, 2396, 2397, 2398, 2399, 2400, 2401, 2402, 2403, 2404, 2405, 2406, 2407, 2408, 2409, 2410, 2411, 2412, 2413, 2414, 2415, 2416, 2417, 2418], "start_line": 2277}, "DatabaseFileSystem._collect_line_matches": {"executed_lines": [2443, 2444, 2445, 2446, 2447, 2448, 2449, 2450, 2451, 2452, 2453, 2454, 2456, 2457, 2458, 2465, 2473, 2474, 2475], "summary": {"covered_lines": 19, "num_statements": 19, "percent_covered": 100.0, "percent_covered_display": "100", "missing_lines": 0, "excluded_lines": 0, "percent_statements_covered": 100.0, "percent_statements_covered_display": "100"}, "missing_lines": [], "excluded_lines": [], "start_line": 2420}, "DatabaseFileSystem._semantic_search_impl": {"executed_lines": [2487, 2488, 2489, 2490, 2491, 2492, 2493, 2495, 2497, 2504], "summary": {"covered_lines": 10, "num_statements": 10, "percent_covered": 100.0, "percent_covered_display": "100", "missing_lines": 0, "excluded_lines": 0, "percent_statements_covered": 100.0, "percent_statements_covered_display": "100"}, "missing_lines": [], "excluded_lines": [], "start_line": 2477}, "DatabaseFileSystem._vector_search_impl": {"executed_lines": [2516, 2517, 2518, 2519, 2520, 2521, 2523, 2524, 2531, 2538], "summary": {"covered_lines": 10, "num_statements": 10, "percent_covered": 100.0, "percent_covered_display": "100", "missing_lines": 0, "excluded_lines": 0, "percent_statements_covered": 100.0, "percent_statements_covered_display": "100"}, "missing_lines": [], "excluded_lines": [], "start_line": 2506}, "DatabaseFileSystem._lexical_search_impl": {"executed_lines": [2559, 2560, 2561, 2562, 2564, 2565, 2566, 2567, 2568, 2570, 2577, 2578, 2580, 2581, 2583, 2584, 2585, 2586, 2588, 2597, 2598, 2605, 2607, 2613, 2623], "summary": {"covered_lines": 25, "num_statements": 25, "percent_covered": 100.0, "percent_covered_display": "100", "missing_lines": 0, "excluded_lines": 0, "percent_statements_covered": 100.0, "percent_statements_covered_display": "100"}, "missing_lines": [], "excluded_lines": [], "start_line": 2540}, "DatabaseFileSystem._tree_impl": {"executed_lines": [2641, 2642, 2643, 2645, 2646, 2648, 2649, 2651, 2652, 2653, 2654, 2655, 2656, 2657, 2659, 2660, 2661, 2662, 2663, 2665, 2669, 2670, 2671, 2672, 2674, 2677, 2678, 2679, 2680, 2681, 2682, 2685, 2688, 2689, 2693, 2694, 2696, 2701, 2702, 2705, 2706, 2708, 2709, 2711, 2712], "summary": {"covered_lines": 45, "num_statements": 46, "percent_covered": 97.82608695652173, "percent_covered_display": "98", "missing_lines": 1, "excluded_lines": 0, "percent_statements_covered": 97.82608695652173, "percent_statements_covered_display": "98"}, "missing_lines": [2664], "excluded_lines": [], "start_line": 2625}, "DatabaseFileSystem._to_candidates": {"executed_lines": [2724, 2725, 2726, 2727, 2728], "summary": {"covered_lines": 5, "num_statements": 5, "percent_covered": 100.0, "percent_covered_display": "100", "missing_lines": 0, "excluded_lines": 0, "percent_statements_covered": 100.0, "percent_statements_covered_display": "100"}, "missing_lines": [], "excluded_lines": [], "start_line": 2718}, "DatabaseFileSystem._predecessors_impl": {"executed_lines": [2738, 2739, 2740, 2741, 2746], "summary": {"covered_lines": 5, "num_statements": 5, "percent_covered": 100.0, "percent_covered_display": "100", "missing_lines": 0, "excluded_lines": 0, "percent_statements_covered": 100.0, "percent_statements_covered_display": "100"}, "missing_lines": [], "excluded_lines": [], "start_line": 2730}, "DatabaseFileSystem._successors_impl": {"executed_lines": [2756, 2757, 2758, 2759, 2764], "summary": {"covered_lines": 5, "num_statements": 5, "percent_covered": 100.0, "percent_covered_display": "100", "missing_lines": 0, "excluded_lines": 0, "percent_statements_covered": 100.0, "percent_statements_covered_display": "100"}, "missing_lines": [], "excluded_lines": [], "start_line": 2748}, "DatabaseFileSystem._ancestors_impl": {"executed_lines": [2774, 2775, 2776, 2777, 2782], "summary": {"covered_lines": 5, "num_statements": 5, "percent_covered": 100.0, "percent_covered_display": "100", "missing_lines": 0, "excluded_lines": 0, "percent_statements_covered": 100.0, "percent_statements_covered_display": "100"}, "missing_lines": [], "excluded_lines": [], "start_line": 2766}, "DatabaseFileSystem._descendants_impl": {"executed_lines": [2792, 2793, 2794, 2795, 2800], "summary": {"covered_lines": 5, "num_statements": 5, "percent_covered": 100.0, "percent_covered_display": "100", "missing_lines": 0, "excluded_lines": 0, "percent_statements_covered": 100.0, "percent_statements_covered_display": "100"}, "missing_lines": [], "excluded_lines": [], "start_line": 2784}, "DatabaseFileSystem._neighborhood_impl": {"executed_lines": [2811, 2812, 2813, 2814, 2820], "summary": {"covered_lines": 5, "num_statements": 5, "percent_covered": 100.0, "percent_covered_display": "100", "missing_lines": 0, "excluded_lines": 0, "percent_statements_covered": 100.0, "percent_statements_covered_display": "100"}, "missing_lines": [], "excluded_lines": [], "start_line": 2802}, "DatabaseFileSystem._meeting_subgraph_impl": {"executed_lines": [2829, 2830, 2831, 2836], "summary": {"covered_lines": 4, "num_statements": 4, "percent_covered": 100.0, "percent_covered_display": "100", "missing_lines": 0, "excluded_lines": 0, "percent_statements_covered": 100.0, "percent_statements_covered_display": "100"}, "missing_lines": [], "excluded_lines": [], "start_line": 2822}, "DatabaseFileSystem._min_meeting_subgraph_impl": {"executed_lines": [2845, 2846, 2847, 2852], "summary": {"covered_lines": 4, "num_statements": 4, "percent_covered": 100.0, "percent_covered_display": "100", "missing_lines": 0, "excluded_lines": 0, "percent_statements_covered": 100.0, "percent_statements_covered_display": "100"}, "missing_lines": [], "excluded_lines": [], "start_line": 2838}, "DatabaseFileSystem._pagerank_impl": {"executed_lines": [2861, 2862, 2863, 2868], "summary": {"covered_lines": 4, "num_statements": 4, "percent_covered": 100.0, "percent_covered_display": "100", "missing_lines": 0, "excluded_lines": 0, "percent_statements_covered": 100.0, "percent_statements_covered_display": "100"}, "missing_lines": [], "excluded_lines": [], "start_line": 2854}, "DatabaseFileSystem._betweenness_centrality_impl": {"executed_lines": [2877, 2878, 2879, 2884], "summary": {"covered_lines": 4, "num_statements": 4, "percent_covered": 100.0, "percent_covered_display": "100", "missing_lines": 0, "excluded_lines": 0, "percent_statements_covered": 100.0, "percent_statements_covered_display": "100"}, "missing_lines": [], "excluded_lines": [], "start_line": 2870}, "DatabaseFileSystem._closeness_centrality_impl": {"executed_lines": [2893, 2894, 2895, 2900], "summary": {"covered_lines": 4, "num_statements": 4, "percent_covered": 100.0, "percent_covered_display": "100", "missing_lines": 0, "excluded_lines": 0, "percent_statements_covered": 100.0, "percent_statements_covered_display": "100"}, "missing_lines": [], "excluded_lines": [], "start_line": 2886}, "DatabaseFileSystem._degree_centrality_impl": {"executed_lines": [2909, 2910, 2911, 2916], "summary": {"covered_lines": 4, "num_statements": 4, "percent_covered": 100.0, "percent_covered_display": "100", "missing_lines": 0, "excluded_lines": 0, "percent_statements_covered": 100.0, "percent_statements_covered_display": "100"}, "missing_lines": [], "excluded_lines": [], "start_line": 2902}, "DatabaseFileSystem._in_degree_centrality_impl": {"executed_lines": [2925, 2926, 2927, 2932], "summary": {"covered_lines": 4, "num_statements": 4, "percent_covered": 100.0, "percent_covered_display": "100", "missing_lines": 0, "excluded_lines": 0, "percent_statements_covered": 100.0, "percent_statements_covered_display": "100"}, "missing_lines": [], "excluded_lines": [], "start_line": 2918}, "DatabaseFileSystem._out_degree_centrality_impl": {"executed_lines": [2941, 2942, 2943, 2948], "summary": {"covered_lines": 4, "num_statements": 4, "percent_covered": 100.0, "percent_covered_display": "100", "missing_lines": 0, "excluded_lines": 0, "percent_statements_covered": 100.0, "percent_statements_covered_display": "100"}, "missing_lines": [], "excluded_lines": [], "start_line": 2934}, "DatabaseFileSystem._hits_impl": {"executed_lines": [2957, 2958, 2959, 2964], "summary": {"covered_lines": 4, "num_statements": 4, "percent_covered": 100.0, "percent_covered_display": "100", "missing_lines": 0, "excluded_lines": 0, "percent_statements_covered": 100.0, "percent_statements_covered_display": "100"}, "missing_lines": [], "excluded_lines": [], "start_line": 2950}, "": {"executed_lines": [8, 10, 11, 12, 13, 14, 15, 17, 18, 20, 21, 22, 23, 24, 25, 35, 36, 37, 38, 39, 40, 54, 57, 58, 59, 60, 61, 64, 65, 66, 67, 68, 71, 76, 89, 110, 147, 191, 196, 201, 216, 221, 222, 223, 225, 256, 280, 286, 293, 315, 321, 335, 362, 373, 401, 402, 409, 418, 431, 432, 461, 487, 518, 570, 576, 587, 600, 601, 620, 621, 825, 846, 908, 928, 960, 1050, 1100, 1122, 1151, 1240, 1264, 1470, 1574, 1699, 1717, 1776, 1839, 1896, 2040, 2105, 2420, 2477, 2506, 2540, 2625, 2718, 2730, 2748, 2766, 2784, 2802, 2822, 2838, 2854, 2870, 2886, 2902, 2918, 2934, 2950], "summary": {"covered_lines": 110, "num_statements": 110, "percent_covered": 100.0, "percent_covered_display": "100", "missing_lines": 0, "excluded_lines": 83, "percent_statements_covered": 100.0, "percent_statements_covered_display": "100"}, "missing_lines": [], "excluded_lines": [42, 43, 45, 47, 48, 49, 50, 51, 634, 635, 636, 637, 638, 639, 640, 641, 642, 767, 768, 769, 770, 771, 772, 773, 774, 775, 776, 2053, 2054, 2055, 2056, 2057, 2058, 2059, 2060, 2061, 2062, 2063, 2113, 2114, 2115, 2116, 2117, 2118, 2119, 2120, 2121, 2122, 2123, 2201, 2202, 2203, 2204, 2205, 2206, 2207, 2208, 2209, 2210, 2211, 2212, 2277, 2278, 2279, 2280, 2281, 2282, 2283, 2284, 2285, 2286, 2287, 2288, 2289, 2290, 2291, 2292, 2293, 2294, 2295, 2296, 2297, 2298], "start_line": 1}}, "classes": {"_LexicalDoc": {"executed_lines": [], "summary": {"covered_lines": 0, "num_statements": 0, "percent_covered": 100.0, "percent_covered_display": "100", "missing_lines": 0, "excluded_lines": 0, "percent_statements_covered": 100.0, "percent_statements_covered_display": "100"}, "missing_lines": [], "excluded_lines": [], "start_line": 54}, "_InverseEdgeSpec": {"executed_lines": [], "summary": {"covered_lines": 0, "num_statements": 0, "percent_covered": 100.0, "percent_covered_display": "100", "missing_lines": 0, "excluded_lines": 0, "percent_statements_covered": 100.0, "percent_statements_covered_display": "100"}, "missing_lines": [], "excluded_lines": [], "start_line": 64}, "DatabaseFileSystem": {"executed_lines": [238, 244, 245, 246, 251, 252, 253, 254, 271, 272, 273, 274, 282, 283, 284, 288, 289, 290, 291, 300, 301, 302, 303, 304, 305, 306, 308, 309, 311, 312, 313, 317, 318, 319, 323, 324, 325, 326, 327, 328, 329, 352, 353, 354, 355, 356, 357, 358, 359, 360, 370, 371, 387, 404, 405, 406, 407, 415, 416, 425, 426, 427, 428, 429, 433, 434, 435, 436, 437, 438, 443, 444, 445, 446, 447, 448, 449, 450, 451, 452, 453, 454, 466, 467, 468, 469, 470, 471, 479, 480, 485, 493, 494, 495, 496, 497, 498, 499, 500, 501, 503, 504, 505, 507, 508, 510, 511, 512, 513, 514, 515, 524, 525, 526, 527, 528, 529, 531, 532, 534, 535, 536, 537, 542, 543, 544, 546, 547, 548, 549, 551, 552, 554, 555, 556, 557, 558, 560, 561, 562, 563, 564, 566, 572, 573, 574, 583, 584, 585, 595, 596, 597, 598, 607, 608, 610, 611, 612, 613, 614, 615, 616, 618, 626, 627, 629, 632, 834, 835, 836, 840, 841, 842, 843, 844, 866, 867, 868, 869, 870, 871, 872, 873, 874, 875, 877, 878, 882, 883, 884, 885, 886, 889, 890, 891, 892, 894, 895, 898, 903, 904, 906, 915, 916, 917, 918, 919, 920, 921, 922, 923, 924, 925, 934, 937, 938, 940, 941, 950, 951, 952, 953, 954, 955, 956, 958, 974, 975, 976, 977, 980, 981, 982, 983, 984, 988, 989, 990, 991, 994, 995, 996, 997, 998, 1000, 1001, 1002, 1007, 1008, 1011, 1012, 1013, 1014, 1015, 1016, 1017, 1018, 1019, 1020, 1021, 1025, 1028, 1029, 1030, 1031, 1032, 1033, 1034, 1035, 1036, 1037, 1038, 1039, 1040, 1041, 1042, 1044, 1066, 1067, 1069, 1070, 1078, 1079, 1084, 1091, 1092, 1093, 1096, 1098, 1111, 1112, 1113, 1114, 1115, 1118, 1119, 1120, 1132, 1133, 1141, 1142, 1143, 1144, 1145, 1174, 1175, 1176, 1177, 1178, 1179, 1180, 1181, 1182, 1183, 1184, 1186, 1187, 1188, 1190, 1191, 1192, 1193, 1197, 1198, 1209, 1211, 1212, 1216, 1217, 1218, 1219, 1220, 1222, 1223, 1224, 1226, 1228, 1254, 1255, 1262, 1307, 1309, 1310, 1311, 1312, 1313, 1314, 1315, 1316, 1318, 1319, 1321, 1322, 1323, 1324, 1325, 1326, 1327, 1329, 1330, 1331, 1332, 1333, 1334, 1335, 1336, 1339, 1340, 1341, 1342, 1343, 1344, 1346, 1347, 1350, 1351, 1352, 1353, 1356, 1357, 1358, 1359, 1360, 1361, 1362, 1363, 1364, 1368, 1369, 1370, 1371, 1372, 1373, 1376, 1377, 1379, 1380, 1383, 1384, 1385, 1390, 1391, 1392, 1393, 1394, 1395, 1397, 1398, 1399, 1400, 1403, 1404, 1405, 1406, 1409, 1410, 1411, 1412, 1414, 1415, 1416, 1417, 1418, 1419, 1420, 1422, 1423, 1425, 1426, 1427, 1428, 1429, 1430, 1431, 1439, 1440, 1441, 1442, 1443, 1444, 1446, 1449, 1450, 1451, 1452, 1453, 1454, 1456, 1457, 1461, 1462, 1464, 1468, 1495, 1496, 1497, 1498, 1499, 1500, 1501, 1502, 1503, 1504, 1506, 1507, 1510, 1511, 1512, 1513, 1514, 1515, 1516, 1517, 1519, 1521, 1522, 1523, 1527, 1528, 1529, 1530, 1531, 1532, 1535, 1536, 1537, 1538, 1539, 1540, 1541, 1542, 1544, 1548, 1549, 1550, 1551, 1555, 1556, 1557, 1563, 1565, 1566, 1567, 1572, 1593, 1594, 1595, 1596, 1597, 1598, 1599, 1600, 1601, 1603, 1604, 1605, 1607, 1608, 1611, 1612, 1613, 1616, 1617, 1618, 1619, 1621, 1622, 1625, 1626, 1627, 1628, 1630, 1632, 1633, 1636, 1643, 1644, 1645, 1646, 1647, 1648, 1649, 1650, 1651, 1661, 1662, 1663, 1664, 1665, 1666, 1667, 1670, 1671, 1672, 1673, 1674, 1675, 1676, 1677, 1678, 1679, 1681, 1682, 1683, 1684, 1685, 1689, 1692, 1693, 1697, 1707, 1709, 1715, 1737, 1738, 1739, 1740, 1741, 1750, 1751, 1754, 1755, 1756, 1757, 1758, 1759, 1763, 1764, 1766, 1767, 1768, 1771, 1772, 1773, 1774, 1791, 1792, 1793, 1796, 1797, 1798, 1800, 1801, 1802, 1803, 1804, 1805, 1806, 1808, 1809, 1810, 1811, 1812, 1813, 1814, 1815, 1818, 1821, 1823, 1825, 1826, 1828, 1837, 1853, 1854, 1855, 1858, 1859, 1865, 1866, 1869, 1870, 1871, 1872, 1873, 1874, 1876, 1877, 1880, 1886, 1887, 1913, 1914, 1915, 1917, 1918, 1926, 1927, 1929, 1931, 1932, 1933, 1934, 1936, 1937, 1938, 1939, 1942, 1943, 1944, 1948, 1949, 1950, 1951, 1952, 1959, 1960, 1970, 1971, 1973, 1974, 1976, 1977, 1978, 1979, 1980, 1981, 1983, 1984, 1989, 1990, 1991, 1992, 1993, 1998, 2005, 2013, 2014, 2015, 2017, 2018, 2023, 2025, 2027, 2029, 2030, 2034, 2047, 2048, 2049, 2050, 2051, 2443, 2444, 2445, 2446, 2447, 2448, 2449, 2450, 2451, 2452, 2453, 2454, 2456, 2457, 2458, 2465, 2473, 2474, 2475, 2487, 2488, 2489, 2490, 2491, 2492, 2493, 2495, 2497, 2504, 2516, 2517, 2518, 2519, 2520, 2521, 2523, 2524, 2531, 2538, 2559, 2560, 2561, 2562, 2564, 2565, 2566, 2567, 2568, 2570, 2577, 2578, 2580, 2581, 2583, 2584, 2585, 2586, 2588, 2597, 2598, 2605, 2607, 2613, 2623, 2641, 2642, 2643, 2645, 2646, 2648, 2649, 2651, 2652, 2653, 2654, 2655, 2656, 2657, 2659, 2660, 2661, 2662, 2663, 2665, 2669, 2670, 2671, 2672, 2674, 2677, 2678, 2679, 2680, 2681, 2682, 2685, 2688, 2689, 2693, 2694, 2696, 2701, 2702, 2705, 2706, 2708, 2709, 2711, 2712, 2724, 2725, 2726, 2727, 2728, 2738, 2739, 2740, 2741, 2746, 2756, 2757, 2758, 2759, 2764, 2774, 2775, 2776, 2777, 2782, 2792, 2793, 2794, 2795, 2800, 2811, 2812, 2813, 2814, 2820, 2829, 2830, 2831, 2836, 2845, 2846, 2847, 2852, 2861, 2862, 2863, 2868, 2877, 2878, 2879, 2884, 2893, 2894, 2895, 2900, 2909, 2910, 2911, 2916, 2925, 2926, 2927, 2932, 2941, 2942, 2943, 2948, 2957, 2958, 2959, 2964], "summary": {"covered_lines": 877, "num_statements": 897, "percent_covered": 97.77034559643255, "percent_covered_display": "98", "missing_lines": 20, "excluded_lines": 472, "percent_statements_covered": 97.77034559643255, "percent_statements_covered_display": "98"}, "missing_lines": [516, 553, 559, 926, 1337, 1338, 1562, 1568, 1569, 1570, 1686, 1687, 1816, 1817, 1827, 1962, 1966, 1967, 2016, 2664], "excluded_lines": [643, 644, 645, 646, 647, 648, 649, 650, 651, 652, 653, 654, 655, 656, 657, 658, 659, 660, 661, 662, 663, 664, 665, 666, 667, 668, 669, 670, 671, 672, 673, 674, 675, 676, 677, 678, 679, 680, 681, 682, 683, 684, 685, 686, 687, 688, 689, 690, 691, 692, 693, 694, 695, 696, 697, 698, 699, 700, 701, 702, 703, 704, 705, 706, 707, 708, 709, 710, 711, 712, 713, 714, 715, 716, 717, 718, 719, 720, 721, 722, 723, 724, 725, 726, 727, 728, 729, 730, 731, 732, 733, 734, 735, 736, 737, 738, 739, 740, 741, 742, 743, 744, 745, 746, 747, 748, 749, 750, 751, 752, 753, 754, 755, 756, 757, 758, 759, 760, 761, 762, 763, 764, 765, 777, 778, 779, 780, 781, 782, 783, 784, 785, 786, 787, 788, 789, 790, 791, 792, 793, 794, 795, 796, 797, 798, 799, 800, 801, 802, 803, 804, 805, 806, 807, 808, 809, 810, 811, 812, 813, 814, 815, 816, 817, 818, 819, 820, 821, 822, 823, 967, 1095, 2064, 2065, 2066, 2067, 2068, 2069, 2070, 2071, 2072, 2073, 2074, 2075, 2076, 2077, 2078, 2079, 2080, 2081, 2082, 2083, 2084, 2085, 2086, 2087, 2088, 2089, 2090, 2091, 2092, 2093, 2094, 2095, 2096, 2097, 2098, 2099, 2100, 2101, 2102, 2103, 2111, 2124, 2125, 2126, 2127, 2128, 2129, 2130, 2131, 2132, 2133, 2134, 2135, 2136, 2137, 2138, 2139, 2140, 2141, 2142, 2143, 2144, 2145, 2146, 2147, 2148, 2149, 2150, 2151, 2152, 2153, 2154, 2155, 2156, 2157, 2158, 2159, 2160, 2161, 2162, 2163, 2164, 2165, 2166, 2167, 2168, 2169, 2170, 2171, 2172, 2173, 2174, 2175, 2176, 2177, 2178, 2179, 2180, 2181, 2182, 2183, 2184, 2185, 2186, 2187, 2188, 2189, 2190, 2191, 2192, 2193, 2194, 2195, 2196, 2197, 2198, 2199, 2213, 2214, 2215, 2216, 2217, 2218, 2219, 2220, 2221, 2222, 2223, 2224, 2225, 2226, 2227, 2228, 2229, 2230, 2231, 2232, 2233, 2234, 2235, 2236, 2237, 2238, 2239, 2240, 2241, 2242, 2243, 2244, 2245, 2246, 2247, 2248, 2249, 2250, 2251, 2252, 2253, 2254, 2255, 2256, 2257, 2258, 2259, 2260, 2261, 2262, 2263, 2264, 2265, 2266, 2267, 2268, 2269, 2270, 2271, 2272, 2273, 2274, 2275, 2299, 2300, 2301, 2302, 2303, 2304, 2305, 2306, 2307, 2308, 2309, 2310, 2311, 2312, 2313, 2314, 2315, 2316, 2317, 2318, 2319, 2320, 2321, 2322, 2323, 2324, 2325, 2326, 2327, 2328, 2329, 2330, 2331, 2332, 2333, 2334, 2335, 2336, 2337, 2338, 2339, 2340, 2341, 2342, 2343, 2344, 2345, 2346, 2347, 2348, 2349, 2350, 2351, 2352, 2353, 2354, 2355, 2356, 2357, 2358, 2359, 2360, 2361, 2362, 2363, 2364, 2365, 2366, 2367, 2368, 2369, 2370, 2371, 2372, 2373, 2374, 2375, 2376, 2377, 2378, 2379, 2380, 2381, 2382, 2383, 2384, 2385, 2386, 2387, 2388, 2389, 2390, 2391, 2392, 2393, 2394, 2395, 2396, 2397, 2398, 2399, 2400, 2401, 2402, 2403, 2404, 2405, 2406, 2407, 2408, 2409, 2410, 2411, 2412, 2413, 2414, 2415, 2416, 2417, 2418], "start_line": 201}, "": {"executed_lines": [8, 10, 11, 12, 13, 14, 15, 17, 18, 20, 21, 22, 23, 24, 25, 35, 36, 37, 38, 39, 40, 54, 57, 58, 59, 60, 61, 64, 65, 66, 67, 68, 71, 73, 76, 82, 83, 84, 85, 86, 89, 103, 104, 105, 106, 107, 110, 117, 118, 120, 121, 123, 124, 125, 126, 128, 129, 130, 131, 132, 133, 135, 136, 137, 138, 139, 140, 141, 142, 143, 144, 147, 163, 164, 165, 167, 169, 170, 171, 172, 173, 174, 175, 176, 178, 179, 181, 191, 193, 196, 198, 201, 216, 221, 222, 223, 225, 256, 280, 286, 293, 315, 321, 335, 362, 373, 401, 402, 409, 418, 431, 432, 461, 487, 518, 570, 576, 587, 600, 601, 620, 621, 825, 846, 908, 928, 960, 1050, 1100, 1122, 1151, 1240, 1264, 1470, 1574, 1699, 1717, 1776, 1839, 1896, 2040, 2105, 2420, 2477, 2506, 2540, 2625, 2718, 2730, 2748, 2766, 2784, 2802, 2822, 2838, 2854, 2870, 2886, 2902, 2918, 2934, 2950], "summary": {"covered_lines": 162, "num_statements": 162, "percent_covered": 100.0, "percent_covered_display": "100", "missing_lines": 0, "excluded_lines": 83, "percent_statements_covered": 100.0, "percent_statements_covered_display": "100"}, "missing_lines": [], "excluded_lines": [42, 43, 45, 47, 48, 49, 50, 51, 634, 635, 636, 637, 638, 639, 640, 641, 642, 767, 768, 769, 770, 771, 772, 773, 774, 775, 776, 2053, 2054, 2055, 2056, 2057, 2058, 2059, 2060, 2061, 2062, 2063, 2113, 2114, 2115, 2116, 2117, 2118, 2119, 2120, 2121, 2122, 2123, 2201, 2202, 2203, 2204, 2205, 2206, 2207, 2208, 2209, 2210, 2211, 2212, 2277, 2278, 2279, 2280, 2281, 2282, 2283, 2284, 2285, 2286, 2287, 2288, 2289, 2290, 2291, 2292, 2293, 2294, 2295, 2296, 2297, 2298], "start_line": 1}}}, "src/vfs/base.py": {"executed_lines": [16, 18, 19, 20, 21, 23, 25, 26, 27, 28, 34, 35, 42, 53, 56, 66, 67, 68, 69, 70, 71, 72, 73, 74, 75, 76, 77, 79, 80, 81, 82, 88, 89, 95, 96, 97, 98, 99, 100, 101, 102, 104, 109, 110, 111, 112, 113, 114, 115, 117, 119, 120, 121, 122, 123, 124, 125, 126, 128, 130, 131, 132, 133, 134, 136, 138, 143, 145, 146, 147, 148, 150, 158, 159, 160, 161, 162, 163, 164, 165, 167, 168, 169, 170, 172, 182, 183, 184, 185, 186, 187, 188, 189, 194, 199, 200, 201, 202, 203, 204, 205, 206, 207, 208, 210, 211, 219, 220, 221, 222, 223, 254, 263, 264, 265, 272, 273, 274, 275, 276, 278, 283, 284, 285, 286, 288, 291, 383, 397, 398, 401, 402, 410, 411, 417, 418, 419, 420, 421, 422, 423, 424, 425, 443, 445, 459, 460, 461, 462, 463, 464, 466, 467, 469, 470, 472, 473, 475, 476, 477, 479, 480, 482, 484, 504, 505, 507, 508, 510, 511, 512, 513, 515, 516, 517, 518, 519, 521, 522, 529, 530, 531, 532, 533, 534, 535, 536, 537, 539, 540, 541, 542, 548, 550, 562, 577, 578, 581, 582, 585, 586, 598, 599, 602, 603, 604, 607, 609, 611, 958, 972, 973, 975, 976, 978, 981, 982, 984, 985, 986, 988, 993, 994, 995, 996, 998, 1000, 1008, 1009, 1011, 1013, 1014, 1015, 1016, 1017, 1019, 1020, 1021, 1022, 1024, 1027, 1029, 1035, 1036, 1037, 1038, 1041, 1043, 1044, 1051, 1052, 1053, 1054, 1055, 1056, 1062, 1063, 1074, 1075, 1076, 1077, 1078, 1079, 1080, 1083, 1084, 1085, 1086, 1087, 1093, 1101, 1102, 1103, 1104, 1106, 1107, 1108, 1109, 1111, 1113, 1115, 1117, 1119, 1127, 1129, 1130, 1132, 1140, 1142, 1143, 1144, 1152, 1160, 1162, 1170, 1172, 1183, 1184, 1185, 1186, 1187, 1189, 1197, 1199, 1208, 1217, 1226, 1227, 1228, 1237, 1238, 1240, 1248, 1257, 1266, 1267, 1268, 1269, 1270, 1272, 1281, 1282, 1283, 1284, 1285, 1287, 1295, 1296, 1297, 1298, 1301, 1302, 1303, 1304, 1305, 1306, 1313, 1379, 1387, 1395, 1403, 1411, 1419, 1429, 1436, 1438, 1445, 1447, 1454, 1456, 1463, 1465, 1473, 1475, 1481, 1483, 1489, 1491, 1497, 1499, 1505, 1507, 1513, 1515, 1521, 1523, 1529, 1531, 1537, 1539, 1545, 1551, 1561, 1571, 1582, 1592, 1604, 1616, 1625, 1635, 1645, 1657, 1706, 1717, 1728, 1739, 1749, 1759, 1769, 1779, 1790, 1799, 1808, 1817, 1826, 1835, 1844, 1853, 1862], "summary": {"covered_lines": 399, "num_statements": 400, "percent_covered": 99.75, "percent_covered_display": "99", "missing_lines": 1, "excluded_lines": 594, "percent_statements_covered": 99.75, "percent_statements_covered_display": "99"}, "missing_lines": [977], "excluded_lines": [44, 45, 46, 48, 49, 50, 225, 226, 227, 228, 229, 230, 231, 232, 233, 234, 236, 237, 238, 239, 240, 241, 242, 243, 244, 245, 246, 247, 249, 250, 251, 252, 293, 294, 295, 296, 297, 298, 299, 300, 301, 302, 303, 304, 305, 306, 307, 308, 309, 310, 311, 312, 313, 314, 315, 316, 317, 318, 319, 320, 321, 322, 323, 324, 325, 326, 327, 328, 330, 331, 332, 333, 334, 335, 336, 337, 338, 339, 340, 341, 342, 343, 344, 345, 346, 347, 348, 349, 350, 351, 352, 353, 354, 355, 356, 357, 358, 359, 360, 361, 362, 363, 364, 365, 366, 367, 368, 369, 370, 371, 372, 373, 374, 375, 376, 377, 378, 379, 380, 381, 399, 400, 412, 413, 414, 415, 416, 613, 614, 615, 616, 617, 618, 619, 620, 621, 622, 623, 624, 625, 626, 627, 628, 629, 630, 631, 632, 633, 634, 635, 636, 637, 638, 639, 640, 641, 642, 643, 644, 645, 646, 647, 648, 649, 650, 651, 652, 653, 654, 655, 656, 657, 658, 659, 660, 661, 662, 663, 664, 665, 666, 667, 668, 669, 670, 671, 672, 673, 674, 675, 676, 677, 678, 679, 680, 681, 682, 683, 684, 685, 686, 687, 688, 689, 690, 691, 692, 693, 694, 695, 696, 697, 698, 699, 700, 701, 702, 703, 704, 705, 706, 707, 708, 709, 710, 711, 712, 713, 714, 715, 716, 717, 718, 719, 720, 721, 722, 723, 724, 725, 726, 727, 728, 729, 730, 731, 732, 733, 734, 735, 736, 737, 738, 739, 740, 742, 743, 744, 745, 746, 747, 748, 749, 750, 751, 752, 753, 754, 755, 756, 757, 758, 759, 760, 761, 762, 763, 764, 765, 766, 767, 768, 769, 770, 771, 772, 773, 774, 775, 776, 777, 778, 779, 780, 781, 782, 783, 784, 785, 786, 787, 788, 789, 790, 791, 792, 793, 794, 795, 796, 797, 798, 799, 800, 801, 802, 803, 804, 805, 806, 807, 808, 809, 810, 811, 812, 813, 814, 815, 816, 817, 818, 819, 820, 821, 822, 823, 824, 825, 826, 827, 828, 829, 830, 831, 832, 833, 834, 835, 836, 837, 838, 839, 840, 841, 842, 843, 844, 845, 846, 847, 848, 849, 850, 851, 852, 853, 854, 855, 856, 857, 858, 859, 860, 861, 862, 863, 864, 865, 866, 867, 868, 869, 870, 871, 872, 873, 874, 875, 876, 877, 878, 879, 880, 881, 882, 883, 884, 885, 886, 887, 888, 889, 890, 891, 892, 893, 894, 895, 896, 897, 898, 899, 900, 901, 902, 903, 904, 905, 906, 907, 908, 909, 910, 911, 912, 913, 914, 915, 916, 917, 918, 919, 920, 921, 922, 923, 924, 925, 926, 927, 928, 929, 930, 931, 932, 933, 934, 935, 936, 937, 938, 939, 940, 941, 942, 943, 944, 945, 946, 947, 948, 949, 950, 951, 952, 953, 954, 955, 956, 1317, 1318, 1319, 1320, 1321, 1322, 1323, 1324, 1325, 1326, 1327, 1328, 1329, 1330, 1331, 1332, 1333, 1334, 1335, 1336, 1338, 1339, 1340, 1341, 1342, 1343, 1344, 1345, 1346, 1347, 1348, 1349, 1350, 1351, 1352, 1353, 1354, 1355, 1356, 1357, 1358, 1359, 1360, 1361, 1362, 1363, 1364, 1365, 1366, 1367, 1368, 1369, 1370, 1371, 1372, 1373, 1374, 1375, 1376, 1377, 1559, 1569, 1580, 1590, 1602, 1614, 1623, 1633, 1643, 1655, 1666, 1668, 1669, 1670, 1671, 1672, 1673, 1674, 1675, 1676, 1677, 1678, 1679, 1680, 1682, 1683, 1684, 1685, 1686, 1687, 1688, 1689, 1690, 1691, 1692, 1693, 1694, 1695, 1696, 1697, 1698, 1699, 1700, 1701, 1702, 1703, 1704, 1715, 1726, 1737, 1747, 1757, 1767, 1777, 1788, 1797, 1806, 1815, 1824, 1833, 1842, 1851, 1860, 1869], "functions": {"VirtualFileSystem.__init__": {"executed_lines": [66, 67, 68, 69, 70, 71, 72, 73, 74, 75, 76, 77, 79, 80, 81, 82], "summary": {"covered_lines": 16, "num_statements": 16, "percent_covered": 100.0, "percent_covered_display": "100", "missing_lines": 0, "excluded_lines": 0, "percent_statements_covered": 100.0, "percent_statements_covered_display": "100"}, "missing_lines": [], "excluded_lines": [], "start_line": 56}, "VirtualFileSystem._normalize_mount_path": {"executed_lines": [95, 96, 97, 98, 99, 100, 101, 102], "summary": {"covered_lines": 8, "num_statements": 8, "percent_covered": 100.0, "percent_covered_display": "100", "missing_lines": 0, "excluded_lines": 0, "percent_statements_covered": 100.0, "percent_statements_covered_display": "100"}, "missing_lines": [], "excluded_lines": [], "start_line": 89}, "VirtualFileSystem.add_mount": {"executed_lines": [109, 110, 111, 112, 113, 114, 115], "summary": {"covered_lines": 7, "num_statements": 7, "percent_covered": 100.0, "percent_covered_display": "100", "missing_lines": 0, "excluded_lines": 0, "percent_statements_covered": 100.0, "percent_statements_covered_display": "100"}, "missing_lines": [], "excluded_lines": [], "start_line": 104}, "VirtualFileSystem.remove_mount": {"executed_lines": [119, 120, 121, 122, 123, 124, 125, 126], "summary": {"covered_lines": 8, "num_statements": 8, "percent_covered": 100.0, "percent_covered_display": "100", "missing_lines": 0, "excluded_lines": 0, "percent_statements_covered": 100.0, "percent_statements_covered_display": "100"}, "missing_lines": [], "excluded_lines": [], "start_line": 117}, "VirtualFileSystem.close": {"executed_lines": [130, 131, 132, 133, 134], "summary": {"covered_lines": 5, "num_statements": 5, "percent_covered": 100.0, "percent_covered_display": "100", "missing_lines": 0, "excluded_lines": 0, "percent_statements_covered": 100.0, "percent_statements_covered_display": "100"}, "missing_lines": [], "excluded_lines": [], "start_line": 128}, "VirtualFileSystem._rebuild_sorted_mounts": {"executed_lines": [138], "summary": {"covered_lines": 1, "num_statements": 1, "percent_covered": 100.0, "percent_covered_display": "100", "missing_lines": 0, "excluded_lines": 0, "percent_statements_covered": 100.0, "percent_statements_covered_display": "100"}, "missing_lines": [], "excluded_lines": [], "start_line": 136}, "VirtualFileSystem._match_mount": {"executed_lines": [145, 146, 147, 148], "summary": {"covered_lines": 4, "num_statements": 4, "percent_covered": 100.0, "percent_covered_display": "100", "missing_lines": 0, "excluded_lines": 0, "percent_statements_covered": 100.0, "percent_statements_covered_display": "100"}, "missing_lines": [], "excluded_lines": [], "start_line": 143}, "VirtualFileSystem._resolve_terminal": {"executed_lines": [158, 159, 160, 161, 162, 163, 164, 165, 167, 168, 169, 170], "summary": {"covered_lines": 12, "num_statements": 12, "percent_covered": 100.0, "percent_covered_display": "100", "missing_lines": 0, "excluded_lines": 0, "percent_statements_covered": 100.0, "percent_statements_covered_display": "100"}, "missing_lines": [], "excluded_lines": [], "start_line": 150}, "VirtualFileSystem._group_candidates_by_terminal": {"executed_lines": [182, 183, 184, 185, 186, 187, 188, 189], "summary": {"covered_lines": 8, "num_statements": 8, "percent_covered": 100.0, "percent_covered_display": "100", "missing_lines": 0, "excluded_lines": 0, "percent_statements_covered": 100.0, "percent_statements_covered_display": "100"}, "missing_lines": [], "excluded_lines": [], "start_line": 172}, "VirtualFileSystem._group_entries_by_terminal": {"executed_lines": [199, 200, 201, 202, 203, 204, 205, 206, 207, 208], "summary": {"covered_lines": 10, "num_statements": 10, "percent_covered": 100.0, "percent_covered_display": "100", "missing_lines": 0, "excluded_lines": 0, "percent_statements_covered": 100.0, "percent_statements_covered_display": "100"}, "missing_lines": [], "excluded_lines": [], "start_line": 194}, "VirtualFileSystem._require_same_mount": {"executed_lines": [219, 220, 221, 222, 223], "summary": {"covered_lines": 5, "num_statements": 5, "percent_covered": 100.0, "percent_covered_display": "100", "missing_lines": 0, "excluded_lines": 0, "percent_statements_covered": 100.0, "percent_statements_covered_display": "100"}, "missing_lines": [], "excluded_lines": [], "start_line": 211}, "VirtualFileSystem._matches_path_filters": {"executed_lines": [], "summary": {"covered_lines": 0, "num_statements": 0, "percent_covered": 100.0, "percent_covered_display": "100", "missing_lines": 0, "excluded_lines": 8, "percent_statements_covered": 100.0, "percent_statements_covered_display": "100"}, "missing_lines": [], "excluded_lines": [227, 228, 229, 230, 231, 232, 233, 234], "start_line": 226}, "VirtualFileSystem._matches_ext_filters": {"executed_lines": [], "summary": {"covered_lines": 0, "num_statements": 0, "percent_covered": 100.0, "percent_covered_display": "100", "missing_lines": 0, "excluded_lines": 5, "percent_statements_covered": 100.0, "percent_statements_covered_display": "100"}, "missing_lines": [], "excluded_lines": [243, 244, 245, 246, 247], "start_line": 237}, "VirtualFileSystem._compile_path_globs": {"executed_lines": [], "summary": {"covered_lines": 0, "num_statements": 0, "percent_covered": 100.0, "percent_covered_display": "100", "missing_lines": 0, "excluded_lines": 2, "percent_statements_covered": 100.0, "percent_statements_covered_display": "100"}, "missing_lines": [], "excluded_lines": [251, 252], "start_line": 250}, "VirtualFileSystem._dispatch_grouped_candidates": {"executed_lines": [263, 264, 265, 272, 273, 274, 275, 276, 278, 288, 291], "summary": {"covered_lines": 11, "num_statements": 11, "percent_covered": 100.0, "percent_covered_display": "100", "missing_lines": 0, "excluded_lines": 0, "percent_statements_covered": 100.0, "percent_statements_covered_display": "100"}, "missing_lines": [], "excluded_lines": [], "start_line": 254}, "VirtualFileSystem._dispatch_grouped_candidates._run_group": {"executed_lines": [283, 284, 285, 286], "summary": {"covered_lines": 4, "num_statements": 4, "percent_covered": 100.0, "percent_covered_display": "100", "missing_lines": 0, "excluded_lines": 0, "percent_statements_covered": 100.0, "percent_statements_covered_display": "100"}, "missing_lines": [], "excluded_lines": [], "start_line": 278}, "VirtualFileSystem._dispatch_glob_candidates": {"executed_lines": [], "summary": {"covered_lines": 0, "num_statements": 0, "percent_covered": 100.0, "percent_covered_display": "100", "missing_lines": 0, "excluded_lines": 26, "percent_statements_covered": 100.0, "percent_statements_covered_display": "100"}, "missing_lines": [], "excluded_lines": [303, 304, 305, 306, 307, 308, 309, 310, 311, 312, 313, 314, 315, 316, 317, 318, 319, 320, 321, 322, 323, 324, 325, 326, 327, 328], "start_line": 293}, "VirtualFileSystem._dispatch_grep_candidates": {"executed_lines": [], "summary": {"covered_lines": 0, "num_statements": 0, "percent_covered": 100.0, "percent_covered_display": "100", "missing_lines": 0, "excluded_lines": 32, "percent_statements_covered": 100.0, "percent_statements_covered_display": "100"}, "missing_lines": [], "excluded_lines": [350, 351, 352, 353, 354, 355, 356, 357, 358, 359, 360, 361, 362, 363, 364, 365, 366, 367, 368, 369, 370, 371, 372, 373, 374, 375, 376, 377, 378, 379, 380, 381], "start_line": 330}, "VirtualFileSystem._dispatch_candidates": {"executed_lines": [397, 398, 401, 402, 410, 411, 417, 418, 419, 420, 421, 422, 423, 424, 425, 443], "summary": {"covered_lines": 16, "num_statements": 16, "percent_covered": 100.0, "percent_covered_display": "100", "missing_lines": 0, "excluded_lines": 7, "percent_statements_covered": 100.0, "percent_statements_covered_display": "100"}, "missing_lines": [], "excluded_lines": [399, 400, 412, 413, 414, 415, 416], "start_line": 383}, "VirtualFileSystem._route_single": {"executed_lines": [459, 460, 461, 462, 463, 464, 466, 467, 469, 470, 472, 473, 475, 476, 477, 479, 480, 482], "summary": {"covered_lines": 18, "num_statements": 18, "percent_covered": 100.0, "percent_covered_display": "100", "missing_lines": 0, "excluded_lines": 0, "percent_statements_covered": 100.0, "percent_statements_covered_display": "100"}, "missing_lines": [], "excluded_lines": [], "start_line": 445}, "VirtualFileSystem._route_two_path": {"executed_lines": [504, 505, 507, 508, 510, 511, 512, 513, 515, 516, 517, 518, 519, 521, 522, 529, 530, 531, 532, 533, 534, 535, 536, 537, 539, 540, 541, 542, 548, 550], "summary": {"covered_lines": 30, "num_statements": 30, "percent_covered": 100.0, "percent_covered_display": "100", "missing_lines": 0, "excluded_lines": 0, "percent_statements_covered": 100.0, "percent_statements_covered_display": "100"}, "missing_lines": [], "excluded_lines": [], "start_line": 484}, "VirtualFileSystem._cross_mount_transfer": {"executed_lines": [577, 578, 581, 582, 585, 586, 598, 599, 602, 603, 604, 607, 609, 611], "summary": {"covered_lines": 14, "num_statements": 14, "percent_covered": 100.0, "percent_covered_display": "100", "missing_lines": 0, "excluded_lines": 0, "percent_statements_covered": 100.0, "percent_statements_covered_display": "100"}, "missing_lines": [], "excluded_lines": [], "start_line": 562}, "VirtualFileSystem._route_glob_fanout": {"executed_lines": [], "summary": {"covered_lines": 0, "num_statements": 0, "percent_covered": 100.0, "percent_covered_display": "100", "missing_lines": 0, "excluded_lines": 97, "percent_statements_covered": 100.0, "percent_statements_covered_display": "100"}, "missing_lines": [], "excluded_lines": [624, 625, 626, 627, 628, 629, 630, 631, 632, 633, 634, 635, 636, 637, 638, 639, 640, 641, 642, 643, 644, 645, 646, 647, 648, 649, 650, 651, 652, 653, 654, 655, 656, 657, 658, 659, 660, 661, 662, 663, 664, 665, 666, 667, 668, 669, 670, 671, 672, 673, 674, 675, 676, 677, 678, 679, 680, 681, 694, 695, 696, 697, 698, 699, 700, 701, 710, 711, 712, 713, 714, 715, 716, 717, 718, 719, 720, 721, 722, 723, 724, 725, 726, 727, 728, 729, 730, 731, 732, 733, 734, 735, 736, 737, 738, 739, 740], "start_line": 613}, "VirtualFileSystem._route_glob_fanout._query_self": {"executed_lines": [], "summary": {"covered_lines": 0, "num_statements": 0, "percent_covered": 100.0, "percent_covered_display": "100", "missing_lines": 0, "excluded_lines": 12, "percent_statements_covered": 100.0, "percent_statements_covered_display": "100"}, "missing_lines": [], "excluded_lines": [682, 683, 684, 685, 686, 687, 688, 689, 690, 691, 692, 693], "start_line": 681}, "VirtualFileSystem._route_glob_fanout._query_mount": {"executed_lines": [], "summary": {"covered_lines": 0, "num_statements": 0, "percent_covered": 100.0, "percent_covered_display": "100", "missing_lines": 0, "excluded_lines": 8, "percent_statements_covered": 100.0, "percent_statements_covered_display": "100"}, "missing_lines": [], "excluded_lines": [702, 703, 704, 705, 706, 707, 708, 709], "start_line": 695}, "VirtualFileSystem._route_grep_fanout": {"executed_lines": [], "summary": {"covered_lines": 0, "num_statements": 0, "percent_covered": 100.0, "percent_covered_display": "100", "missing_lines": 0, "excluded_lines": 154, "percent_statements_covered": 100.0, "percent_statements_covered_display": "100"}, "missing_lines": [], "excluded_lines": [763, 764, 765, 766, 767, 768, 769, 770, 771, 772, 773, 774, 775, 776, 777, 778, 779, 780, 781, 782, 783, 784, 785, 786, 787, 788, 789, 790, 791, 792, 793, 794, 795, 796, 797, 798, 799, 800, 801, 802, 803, 804, 805, 806, 807, 808, 809, 810, 811, 812, 813, 814, 815, 816, 817, 818, 819, 820, 821, 822, 823, 824, 825, 826, 827, 828, 829, 830, 831, 832, 833, 834, 835, 836, 837, 838, 839, 840, 841, 842, 843, 844, 845, 846, 847, 848, 849, 850, 851, 852, 853, 854, 855, 856, 857, 858, 859, 860, 861, 862, 863, 864, 865, 888, 889, 890, 891, 892, 893, 894, 895, 896, 915, 916, 917, 918, 919, 920, 921, 922, 923, 924, 925, 926, 927, 928, 929, 930, 931, 932, 933, 934, 935, 936, 937, 938, 939, 940, 941, 942, 943, 944, 945, 946, 947, 948, 949, 950, 951, 952, 953, 954, 955, 956], "start_line": 742}, "VirtualFileSystem._route_grep_fanout._query_self": {"executed_lines": [], "summary": {"covered_lines": 0, "num_statements": 0, "percent_covered": 100.0, "percent_covered_display": "100", "missing_lines": 0, "excluded_lines": 22, "percent_statements_covered": 100.0, "percent_statements_covered_display": "100"}, "missing_lines": [], "excluded_lines": [866, 867, 868, 869, 870, 871, 872, 873, 874, 875, 876, 877, 878, 879, 880, 881, 882, 883, 884, 885, 886, 887], "start_line": 865}, "VirtualFileSystem._route_grep_fanout._query_mount": {"executed_lines": [], "summary": {"covered_lines": 0, "num_statements": 0, "percent_covered": 100.0, "percent_covered_display": "100", "missing_lines": 0, "excluded_lines": 18, "percent_statements_covered": 100.0, "percent_statements_covered_display": "100"}, "missing_lines": [], "excluded_lines": [897, 898, 899, 900, 901, 902, 903, 904, 905, 906, 907, 908, 909, 910, 911, 912, 913, 914], "start_line": 889}, "VirtualFileSystem._route_fanout": {"executed_lines": [972, 973, 975, 976, 978, 981, 982, 984, 988, 993, 994, 995, 996, 998], "summary": {"covered_lines": 14, "num_statements": 15, "percent_covered": 93.33333333333333, "percent_covered_display": "93", "missing_lines": 1, "excluded_lines": 0, "percent_statements_covered": 93.33333333333333, "percent_statements_covered_display": "93"}, "missing_lines": [977], "excluded_lines": [], "start_line": 958}, "VirtualFileSystem._route_fanout._query_self": {"executed_lines": [985, 986], "summary": {"covered_lines": 2, "num_statements": 2, "percent_covered": 100.0, "percent_covered_display": "100", "missing_lines": 0, "excluded_lines": 0, "percent_statements_covered": 100.0, "percent_statements_covered_display": "100"}, "missing_lines": [], "excluded_lines": [], "start_line": 984}, "VirtualFileSystem._route_write_batch": {"executed_lines": [1008, 1009, 1011, 1013, 1014, 1015, 1016, 1017, 1019, 1024, 1027], "summary": {"covered_lines": 11, "num_statements": 11, "percent_covered": 100.0, "percent_covered_display": "100", "missing_lines": 0, "excluded_lines": 0, "percent_statements_covered": 100.0, "percent_statements_covered_display": "100"}, "missing_lines": [], "excluded_lines": [], "start_line": 1000}, "VirtualFileSystem._route_write_batch._write_group": {"executed_lines": [1020, 1021, 1022], "summary": {"covered_lines": 3, "num_statements": 3, "percent_covered": 100.0, "percent_covered_display": "100", "missing_lines": 0, "excluded_lines": 0, "percent_statements_covered": 100.0, "percent_statements_covered_display": "100"}, "missing_lines": [], "excluded_lines": [], "start_line": 1019}, "VirtualFileSystem._exclude_mounted_paths": {"executed_lines": [1035, 1036, 1037, 1038, 1041], "summary": {"covered_lines": 5, "num_statements": 5, "percent_covered": 100.0, "percent_covered_display": "100", "missing_lines": 0, "excluded_lines": 0, "percent_statements_covered": 100.0, "percent_statements_covered_display": "100"}, "missing_lines": [], "excluded_lines": [], "start_line": 1029}, "VirtualFileSystem._merge_results": {"executed_lines": [1051, 1052, 1053, 1054, 1055, 1056], "summary": {"covered_lines": 6, "num_statements": 6, "percent_covered": 100.0, "percent_covered_display": "100", "missing_lines"
[...]
4, 665, 666, 667, 668, 669, 670, 671, 672, 673, 674, 675, 676, 677, 678, 679, 680, 681, 682, 683, 684, 685, 686, 687, 688, 689, 690, 691, 692, 693, 694, 695, 696, 697, 698, 699, 700, 701], "start_line": 1}}}, "src/vfs/routing.py": {"executed_lines": [23, 25, 26, 28, 36, 37, 38, 39, 40, 42, 45, 46, 47, 48, 54, 57, 63, 64, 65, 66, 67, 68, 69, 72, 79, 80, 81, 82, 83, 84, 87, 103, 104, 106, 109, 110, 111, 112, 115, 116, 117, 118, 122, 124, 125, 126, 128, 131, 138, 139, 140, 141, 142, 143, 144, 145], "summary": {"covered_lines": 56, "num_statements": 56, "percent_covered": 100.0, "percent_covered_display": "100", "missing_lines": 0, "excluded_lines": 9, "percent_statements_covered": 100.0, "percent_statements_covered_display": "100"}, "missing_lines": [], "excluded_lines": [30, 31, 33, 41, 49, 50, 51, 52, 53], "functions": {"first_segment": {"executed_lines": [63, 64, 65, 66, 67, 68, 69], "summary": {"covered_lines": 7, "num_statements": 7, "percent_covered": 100.0, "percent_covered_display": "100", "missing_lines": 0, "excluded_lines": 0, "percent_statements_covered": 100.0, "percent_statements_covered_display": "100"}, "missing_lines": [], "excluded_lines": [], "start_line": 57}, "glob_segment_matches": {"executed_lines": [79, 80, 81, 82, 83, 84], "summary": {"covered_lines": 6, "num_statements": 6, "percent_covered": 100.0, "percent_covered_display": "100", "missing_lines": 0, "excluded_lines": 0, "percent_statements_covered": 100.0, "percent_statements_covered_display": "100"}, "missing_lines": [], "excluded_lines": [], "start_line": 72}, "rewrite_glob_for_mount": {"executed_lines": [103, 104, 106, 109, 110, 111, 112, 115, 116, 117, 118, 122, 124, 125, 126, 128], "summary": {"covered_lines": 16, "num_statements": 16, "percent_covered": 100.0, "percent_covered_display": "100", "missing_lines": 0, "excluded_lines": 0, "percent_statements_covered": 100.0, "percent_statements_covered_display": "100"}, "missing_lines": [], "excluded_lines": [], "start_line": 87}, "rewrite_path_for_mount": {"executed_lines": [138, 139, 140, 141, 142, 143, 144, 145], "summary": {"covered_lines": 8, "num_statements": 8, "percent_covered": 100.0, "percent_covered_display": "100", "missing_lines": 0, "excluded_lines": 0, "percent_statements_covered": 100.0, "percent_statements_covered_display": "100"}, "missing_lines": [], "excluded_lines": [], "start_line": 131}, "": {"executed_lines": [23, 25, 26, 28, 36, 37, 38, 39, 40, 42, 45, 46, 47, 48, 54, 57, 72, 87, 131], "summary": {"covered_lines": 19, "num_statements": 19, "percent_covered": 100.0, "percent_covered_display": "100", "missing_lines": 0, "excluded_lines": 9, "percent_statements_covered": 100.0, "percent_statements_covered_display": "100"}, "missing_lines": [], "excluded_lines": [30, 31, 33, 41, 49, 50, 51, 52, 53], "start_line": 1}}, "classes": {"GlobMountPlan": {"executed_lines": [], "summary": {"covered_lines": 0, "num_statements": 0, "percent_covered": 100.0, "percent_covered_display": "100", "missing_lines": 0, "excluded_lines": 0, "percent_statements_covered": 100.0, "percent_statements_covered_display": "100"}, "missing_lines": [], "excluded_lines": [], "start_line": 37}, "GrepMountPlan": {"executed_lines": [], "summary": {"covered_lines": 0, "num_statements": 0, "percent_covered": 100.0, "percent_covered_display": "100", "missing_lines": 0, "excluded_lines": 0, "percent_statements_covered": 100.0, "percent_statements_covered_display": "100"}, "missing_lines": [], "excluded_lines": [], "start_line": 46}, "": {"executed_lines": [23, 25, 26, 28, 36, 37, 38, 39, 40, 42, 45, 46, 47, 48, 54, 57, 63, 64, 65, 66, 67, 68, 69, 72, 79, 80, 81, 82, 83, 84, 87, 103, 104, 106, 109, 110, 111, 112, 115, 116, 117, 118, 122, 124, 125, 126, 128, 131, 138, 139, 140, 141, 142, 143, 144, 145], "summary": {"covered_lines": 56, "num_statements": 56, "percent_covered": 100.0, "percent_covered_display": "100", "missing_lines": 0, "excluded_lines": 9, "percent_statements_covered": 100.0, "percent_statements_covered_display": "100"}, "missing_lines": [], "excluded_lines": [30, 31, 33, 41, 49, 50, 51, 52, 53], "start_line": 1}}}, "src/vfs/vector.py": {"executed_lines": [32, 34, 35, 36, 38, 39, 40, 48, 49, 58, 59, 60, 61, 64, 76, 77, 79, 81, 82, 83, 84, 85, 86, 88, 89, 90, 92, 93, 96, 97, 99, 100, 101, 102, 103, 105, 106, 108, 110, 111, 113, 115, 116, 121, 129, 130, 131, 132, 133, 134, 135, 136, 137, 138, 139, 140, 143, 153, 154, 156, 165, 166, 167, 168, 169, 170, 171, 172, 173, 175, 176, 184, 185, 186, 187, 189, 191, 192, 193, 194, 195, 201, 202, 203, 204, 205, 206, 207, 208, 210, 211, 212, 213, 214, 215, 216, 222, 223, 224, 225, 226, 228, 229, 230, 231, 232, 234, 236, 237, 238, 246, 247, 248, 249, 250, 251, 252, 253, 254, 255, 256, 257, 258, 259, 260, 261, 262, 263], "summary": {"covered_lines": 128, "num_statements": 135, "percent_covered": 94.81481481481481, "percent_covered_display": "95", "missing_lines": 7, "excluded_lines": 11, "percent_statements_covered": 94.81481481481481, "percent_statements_covered_display": "95"}, "missing_lines": [199, 235, 240, 241, 242, 243, 244], "excluded_lines": [42, 43, 44, 45, 87, 91, 95, 196, 197, 198, 233], "functions": {"Vector.__class_getitem__": {"executed_lines": [81, 82, 83, 84, 85, 86, 88, 89, 90, 92, 93, 96, 97], "summary": {"covered_lines": 13, "num_statements": 13, "percent_covered": 100.0, "percent_covered_display": "100", "missing_lines": 0, "excluded_lines": 3, "percent_statements_covered": 100.0, "percent_statements_covered_display": "100"}, "missing_lines": [], "excluded_lines": [87, 91, 95], "start_line": 79}, "Vector.__init__": {"executed_lines": [100, 101, 102, 103], "summary": {"covered_lines": 4, "num_statements": 4, "percent_covered": 100.0, "percent_covered_display": "100", "missing_lines": 0, "excluded_lines": 0, "percent_statements_covered": 100.0, "percent_statements_covered_display": "100"}, "missing_lines": [], "excluded_lines": [], "start_line": 99}, "Vector.dimension": {"executed_lines": [108], "summary": {"covered_lines": 1, "num_statements": 1, "percent_covered": 100.0, "percent_covered_display": "100", "missing_lines": 0, "excluded_lines": 0, "percent_statements_covered": 100.0, "percent_statements_covered_display": "100"}, "missing_lines": [], "excluded_lines": [], "start_line": 106}, "Vector.model_name": {"executed_lines": [113], "summary": {"covered_lines": 1, "num_statements": 1, "percent_covered": 100.0, "percent_covered_display": "100", "missing_lines": 0, "excluded_lines": 0, "percent_statements_covered": 100.0, "percent_statements_covered_display": "100"}, "missing_lines": [], "excluded_lines": [], "start_line": 111}, "Vector.__get_pydantic_core_schema__": {"executed_lines": [121], "summary": {"covered_lines": 1, "num_statements": 1, "percent_covered": 100.0, "percent_covered_display": "100", "missing_lines": 0, "excluded_lines": 0, "percent_statements_covered": 100.0, "percent_statements_covered_display": "100"}, "missing_lines": [], "excluded_lines": [], "start_line": 116}, "Vector._pydantic_validate": {"executed_lines": [131, 132, 133, 134, 135, 136, 137, 138, 139, 140], "summary": {"covered_lines": 10, "num_statements": 10, "percent_covered": 100.0, "percent_covered_display": "100", "missing_lines": 0, "excluded_lines": 0, "percent_statements_covered": 100.0, "percent_statements_covered_display": "100"}, "missing_lines": [], "excluded_lines": [], "start_line": 130}, "VectorType.__init__": {"executed_lines": [165, 166, 167, 168, 169, 170, 171, 172, 173], "summary": {"covered_lines": 9, "num_statements": 9, "percent_covered": 100.0, "percent_covered_display": "100", "missing_lines": 0, "excluded_lines": 0, "percent_statements_covered": 100.0, "percent_statements_covered_display": "100"}, "missing_lines": [], "excluded_lines": [], "start_line": 156}, "VectorType.copy": {"executed_lines": [176], "summary": {"covered_lines": 1, "num_statements": 1, "percent_covered": 100.0, "percent_covered_display": "100", "missing_lines": 0, "excluded_lines": 0, "percent_statements_covered": 100.0, "percent_statements_covered_display": "100"}, "missing_lines": [], "excluded_lines": [], "start_line": 175}, "VectorType.load_dialect_impl": {"executed_lines": [185, 186, 187], "summary": {"covered_lines": 3, "num_statements": 3, "percent_covered": 100.0, "percent_covered_display": "100", "missing_lines": 0, "excluded_lines": 0, "percent_statements_covered": 100.0, "percent_statements_covered_display": "100"}, "missing_lines": [], "excluded_lines": [], "start_line": 184}, "VectorType.pgvector_sqlalchemy_type": {"executed_lines": [191, 192, 193, 194, 195], "summary": {"covered_lines": 5, "num_statements": 6, "percent_covered": 83.33333333333333, "percent_covered_display": "83", "missing_lines": 1, "excluded_lines": 3, "percent_statements_covered": 83.33333333333333, "percent_statements_covered_display": "83"}, "missing_lines": [199], "excluded_lines": [196, 197, 198], "start_line": 189}, "VectorType._coerce_runtime_vector": {"executed_lines": [202, 203, 204, 205, 206, 207, 208], "summary": {"covered_lines": 7, "num_statements": 7, "percent_covered": 100.0, "percent_covered_display": "100", "missing_lines": 0, "excluded_lines": 0, "percent_statements_covered": 100.0, "percent_statements_covered_display": "100"}, "missing_lines": [], "excluded_lines": [], "start_line": 201}, "VectorType.process_bind_param": {"executed_lines": [211, 212, 213, 214, 215, 216, 222, 223, 224, 225, 226], "summary": {"covered_lines": 11, "num_statements": 11, "percent_covered": 100.0, "percent_covered_display": "100", "missing_lines": 0, "excluded_lines": 0, "percent_statements_covered": 100.0, "percent_statements_covered_display": "100"}, "missing_lines": [], "excluded_lines": [], "start_line": 210}, "VectorType.process_result_value": {"executed_lines": [229, 230, 231, 232, 234, 236, 237, 238, 246, 247, 248, 249, 250, 251, 252, 253, 254, 255, 256, 257, 258, 259, 260, 261, 262, 263], "summary": {"covered_lines": 26, "num_statements": 32, "percent_covered": 81.25, "percent_covered_display": "81", "missing_lines": 6, "excluded_lines": 1, "percent_statements_covered": 81.25, "percent_statements_covered_display": "81"}, "missing_lines": [235, 240, 241, 242, 243, 244], "excluded_lines": [233], "start_line": 228}, "": {"executed_lines": [32, 34, 35, 36, 38, 39, 40, 48, 49, 58, 59, 60, 61, 64, 76, 77, 79, 99, 105, 106, 110, 111, 115, 116, 129, 130, 143, 153, 154, 156, 175, 184, 189, 201, 210, 228], "summary": {"covered_lines": 36, "num_statements": 36, "percent_covered": 100.0, "percent_covered_display": "100", "missing_lines": 0, "excluded_lines": 4, "percent_statements_covered": 100.0, "percent_statements_covered_display": "100"}, "missing_lines": [], "excluded_lines": [42, 43, 44, 45], "start_line": 1}}, "classes": {"NativeEmbeddingConfig": {"executed_lines": [], "summary": {"covered_lines": 0, "num_statements": 0, "percent_covered": 100.0, "percent_covered_display": "100", "missing_lines": 0, "excluded_lines": 0, "percent_statements_covered": 100.0, "percent_statements_covered_display": "100"}, "missing_lines": [], "excluded_lines": [], "start_line": 49}, "Vector": {"executed_lines": [81, 82, 83, 84, 85, 86, 88, 89, 90, 92, 93, 96, 97, 100, 101, 102, 103, 108, 113, 121, 131, 132, 133, 134, 135, 136, 137, 138, 139, 140], "summary": {"covered_lines": 30, "num_statements": 30, "percent_covered": 100.0, "percent_covered_display": "100", "missing_lines": 0, "excluded_lines": 3, "percent_statements_covered": 100.0, "percent_statements_covered_display": "100"}, "missing_lines": [], "excluded_lines": [87, 91, 95], "start_line": 64}, "VectorType": {"executed_lines": [165, 166, 167, 168, 169, 170, 171, 172, 173, 176, 185, 186, 187, 191, 192, 193, 194, 195, 202, 203, 204, 205, 206, 207, 208, 211, 212, 213, 214, 215, 216, 222, 223, 224, 225, 226, 229, 230, 231, 232, 234, 236, 237, 238, 246, 247, 248, 249, 250, 251, 252, 253, 254, 255, 256, 257, 258, 259, 260, 261, 262, 263], "summary": {"covered_lines": 62, "num_statements": 69, "percent_covered": 89.85507246376811, "percent_covered_display": "90", "missing_lines": 7, "excluded_lines": 4, "percent_statements_covered": 89.85507246376811, "percent_statements_covered_display": "90"}, "missing_lines": [199, 235, 240, 241, 242, 243, 244], "excluded_lines": [196, 197, 198, 233], "start_line": 143}, "": {"executed_lines": [32, 34, 35, 36, 38, 39, 40, 48, 49, 58, 59, 60, 61, 64, 76, 77, 79, 99, 105, 106, 110, 111, 115, 116, 129, 130, 143, 153, 154, 156, 175, 184, 189, 201, 210, 228], "summary": {"covered_lines": 36, "num_statements": 36, "percent_covered": 100.0, "percent_covered_display": "100", "missing_lines": 0, "excluded_lines": 4, "percent_statements_covered": 100.0, "percent_statements_covered_display": "100"}, "missing_lines": [], "excluded_lines": [42, 43, 44, 45], "start_line": 1}}}, "src/vfs/vector_store.py": {"executed_lines": [12, 14, 15, 18, 19, 22, 23, 24, 27, 28, 31, 32, 35, 36, 39, 55, 59], "summary": {"covered_lines": 17, "num_statements": 17, "percent_covered": 100.0, "percent_covered_display": "100", "missing_lines": 0, "excluded_lines": 3, "percent_statements_covered": 100.0, "percent_statements_covered_display": "100"}, "missing_lines": [], "excluded_lines": [53, 57, 61], "functions": {"VectorStore.query": {"executed_lines": [], "summary": {"covered_lines": 0, "num_statements": 0, "percent_covered": 100.0, "percent_covered_display": "100", "missing_lines": 0, "excluded_lines": 1, "percent_statements_covered": 100.0, "percent_statements_covered_display": "100"}, "missing_lines": [], "excluded_lines": [53], "start_line": 39}, "VectorStore.upsert": {"executed_lines": [], "summary": {"covered_lines": 0, "num_statements": 0, "percent_covered": 100.0, "percent_covered_display": "100", "missing_lines": 0, "excluded_lines": 1, "percent_statements_covered": 100.0, "percent_statements_covered_display": "100"}, "missing_lines": [], "excluded_lines": [57], "start_line": 55}, "VectorStore.delete": {"executed_lines": [], "summary": {"covered_lines": 0, "num_statements": 0, "percent_covered": 100.0, "percent_covered_display": "100", "missing_lines": 0, "excluded_lines": 1, "percent_statements_covered": 100.0, "percent_statements_covered_display": "100"}, "missing_lines": [], "excluded_lines": [61], "start_line": 59}, "": {"executed_lines": [12, 14, 15, 18, 19, 22, 23, 24, 27, 28, 31, 32, 35, 36, 39, 55, 59], "summary": {"covered_lines": 17, "num_statements": 17, "percent_covered": 100.0, "percent_covered_display": "100", "missing_lines": 0, "excluded_lines": 0, "percent_statements_covered": 100.0, "percent_statements_covered_display": "100"}, "missing_lines": [], "excluded_lines": [], "start_line": 1}}, "classes": {"VectorItem": {"executed_lines": [], "summary": {"covered_lines": 0, "num_statements": 0, "percent_covered": 100.0, "percent_covered_display": "100", "missing_lines": 0, "excluded_lines": 0, "percent_statements_covered": 100.0, "percent_statements_covered_display": "100"}, "missing_lines": [], "excluded_lines": [], "start_line": 19}, "VectorHit": {"executed_lines": [], "summary": {"covered_lines": 0, "num_statements": 0, "percent_covered": 100.0, "percent_covered_display": "100", "missing_lines": 0, "excluded_lines": 0, "percent_statements_covered": 100.0, "percent_statements_covered_display": "100"}, "missing_lines": [], "excluded_lines": [], "start_line": 28}, "VectorStore": {"executed_lines": [], "summary": {"covered_lines": 0, "num_statements": 0, "percent_covered": 100.0, "percent_covered_display": "100", "missing_lines": 0, "excluded_lines": 3, "percent_statements_covered": 100.0, "percent_statements_covered_display": "100"}, "missing_lines": [], "excluded_lines": [53, 57, 61], "start_line": 36}, "": {"executed_lines": [12, 14, 15, 18, 19, 22, 23, 24, 27, 28, 31, 32, 35, 36, 39, 55, 59], "summary": {"covered_lines": 17, "num_statements": 17, "percent_covered": 100.0, "percent_covered_display": "100", "missing_lines": 0, "excluded_lines": 0, "percent_statements_covered": 100.0, "percent_statements_covered_display": "100"}, "missing_lines": [], "excluded_lines": [], "start_line": 1}}}, "src/vfs/versioning.py": {"executed_lines": [15, 17, 18, 20, 21, 23, 24, 26, 34, 35, 38, 39, 40, 48, 55, 56, 57, 58, 59, 60, 61, 62, 63, 64, 65, 66, 69, 71, 72, 74, 75, 76, 78, 79, 80, 82, 83, 84, 86, 87, 88, 93, 94, 95, 97, 98, 100, 102, 103, 105, 106, 107, 108, 109, 114, 116, 119, 128, 129, 131, 132, 133, 134, 136, 137, 138, 140, 148, 166, 170, 171, 173], "summary": {"covered_lines": 72, "num_statements": 72, "percent_covered": 100.0, "percent_covered_display": "100", "missing_lines": 0, "excluded_lines": 0, "percent_statements_covered": 100.0, "percent_statements_covered_display": "100"}, "missing_lines": [], "excluded_lines": [], "functions": {"compute_diff": {"executed_lines": [55, 56, 57, 58, 59, 60, 61, 62, 63, 64, 65, 66], "summary": {"covered_lines": 12, "num_statements": 12, "percent_covered": 100.0, "percent_covered_display": "100", "missing_lines": 0, "excluded_lines": 0, "percent_statements_covered": 100.0, "percent_statements_covered_display": "100"}, "missing_lines": [], "excluded_lines": [], "start_line": 48}, "apply_diff": {"executed_lines": [71, 72, 74, 75, 76, 78, 79, 80, 82, 83, 84, 86, 87, 88, 93, 94, 95, 97, 98, 100, 102, 103, 105, 106, 107, 108, 109, 114, 116], "summary": {"covered_lines": 29, "num_statements": 29, "percent_covered": 100.0, "percent_covered_display": "100", "missing_lines": 0, "excluded_lines": 0, "percent_statements_covered": 100.0, "percent_statements_covered_display": "100"}, "missing_lines": [], "excluded_lines": [], "start_line": 69}, "reconstruct_version": {"executed_lines": [128, 129, 131, 132, 133, 134, 136, 137, 138, 140], "summary": {"covered_lines": 10, "num_statements": 10, "percent_covered": 100.0, "percent_covered_display": "100", "missing_lines": 0, "excluded_lines": 0, "percent_statements_covered": 100.0, "percent_statements_covered_display": "100"}, "missing_lines": [], "excluded_lines": [], "start_line": 119}, "create_version": {"executed_lines": [166, 170, 171, 173], "summary": {"covered_lines": 4, "num_statements": 4, "percent_covered": 100.0, "percent_covered_display": "100", "missing_lines": 0, "excluded_lines": 0, "percent_statements_covered": 100.0, "percent_statements_covered_display": "100"}, "missing_lines": [], "excluded_lines": [], "start_line": 148}, "": {"executed_lines": [15, 17, 18, 20, 21, 23, 24, 26, 34, 35, 38, 39, 40, 48, 69, 119, 148], "summary": {"covered_lines": 17, "num_statements": 17, "percent_covered": 100.0, "percent_covered_display": "100", "missing_lines": 0, "excluded_lines": 0, "percent_statements_covered": 100.0, "percent_statements_covered_display": "100"}, "missing_lines": [], "excluded_lines": [], "start_line": 1}}, "classes": {"VersionRecord": {"executed_lines": [], "summary": {"covered_lines": 0, "num_statements": 0, "percent_covered": 100.0, "percent_covered_display": "100", "missing_lines": 0, "excluded_lines": 0, "percent_statements_covered": 100.0, "percent_statements_covered_display": "100"}, "missing_lines": [], "excluded_lines": [], "start_line": 35}, "": {"executed_lines": [15, 17, 18, 20, 21, 23, 24, 26, 34, 35, 38, 39, 40, 48, 55, 56, 57, 58, 59, 60, 61, 62, 63, 64, 65, 66, 69, 71, 72, 74, 75, 76, 78, 79, 80, 82, 83, 84, 86, 87, 88, 93, 94, 95, 97, 98, 100, 102, 103, 105, 106, 107, 108, 109, 114, 116, 119, 128, 129, 131, 132, 133, 134, 136, 137, 138, 140, 148, 166, 170, 171, 173], "summary": {"covered_lines": 72, "num_statements": 72, "percent_covered": 100.0, "percent_covered_display": "100", "missing_lines": 0, "excluded_lines": 0, "percent_statements_covered": 100.0, "percent_statements_covered_display": "100"}, "missing_lines": [], "excluded_lines": [], "start_line": 1}}}}, "totals": {"covered_lines": 4292, "num_statements": 4323, "percent_covered": 99.28290538977562, "percent_covered_display": "99", "missing_lines": 31, "excluded_lines": 2520, "percent_statements_covered": 99.28290538977562, "percent_statements_covered_display": "99"}}